Appended archive card link {{SMVK-EM-link|1=arkiv|2=2817862|3=0307.a.0098}} to File:Parti_av_Ciudadela_-_SMVK_-_0307.a.0098.tif
Appended archive card link {{SMVK-EM-link|1=arkiv|2=2822704|3=0307.f.0002}} to File:El_Castillo_,_den_centrala_pyramiden._T._v._krigarens_tempel_-_SMVK_-_0307.f.0002.tif
Appended archive card link {{SMVK-EM-link|1=arkiv|2=2818141|3=0307.a.0148}} to File:Från_utgrävningarna_vid_Xolalpan_-_SMVK_-_0307.a.0148.tif
Appended archive card link {{SMVK-EM-link|1=arkiv|2=2817853|3=0307.a.0095}} to File:Parti_av_Ciudadela_-_SMVK_-_0307.a.0095.tif
Appended archive card link {{SMVK-EM-link|1=arkiv|2=2826674|3=0307.j.0020}} to File:Utgrävningar_i_Teotihuacan_(1932)_-_SMVK_-_0307.j.0020.tif
Appended archive card link {{SMVK-EM-link|1=arkiv|2=2819734|3=0307.e.0012}} to File:Utgrävningar_i_Teotihuacan_(1932)_-_SMVK_-_0307.e.0012.tif
Appended archive card link {{SMVK-EM-link|1=arkiv|2=2817880|3=0307.a.0101}} to File:Parti_av_Ciudadela_-_SMVK_-_0307.a.0101.tif
Appended archive card link {{SMVK-EM-link|1=arkiv|2=2823640|3=0307.f.0199.b}} to File:Utgrävningar_i_Teotihuacan_(1932)_-_SMVK_-_0307.f.0199.b.tif
Appended archive card link {{SMVK-EM-link|1=arkiv|2=2826125|3=0307.g.0085}} to File:Utgrävningar_i_Teotihuacan_(1932)_-_SMVK_-_0307.g.0085.tif
Appended archive card link {{SMVK-EM-link|1=arkiv|2=2822839|3=0307.f.0043}} to File:Krigarnas_tempel_-_SMVK_-_0307.f.0043.tif
Appended archive card link {{SMVK-EM-link|1=arkiv|2=2826332|3=0307.i.0009}} to File:Utgrävningar_i_Teotihuacan_(1932)_-_SMVK_-_0307.i.0009.tif
Appended archive card link {{SMVK-EM-link|1=arkiv|2=2824693|3=0307.g.0061}} to File:Utgrävningar_i_Teotihuacan_(1932)_-_SMVK_-_0307.g.0061.tif
Appended archive card link {{SMVK-EM-link|1=arkiv|2=2826179|3=0307.g.0103}} to File:Utgrävningar_i_Teotihuacan_(1932)_-_SMVK_-_0307.g.0103.tif
Appended archive card link {{SMVK-EM-link|1=arkiv|2=2831850|3=0307.q.0103}} to File:Arkeologiskt_föremål_från_Teotihuacan_-_SMVK_-_0307.q.0103.tif
Appended archive card link {{SMVK-EM-link|1=arkiv|2=2818762|3=0307.b.0028}} to File:Parti_av_Cuicuilco-pyramiden_-_SMVK_-_0307.b.0028.tif
Appended archive card link {{SMVK-EM-link|1=arkiv|2=2817565|3=0307.a.0047}} to File:Från_utgrävningarna_vid_Thomas_Palmas_hus_-_SMVK_-_0307.a.0047.tif
Appended archive card link {{SMVK-EM-link|1=arkiv|2=2826206|3=0307.g.0110}} to File:Utgrävningar_i_Teotihuacan_(1932)_-_SMVK_-_0307.g.0110.tif
Appended archive card link {{SMVK-EM-link|1=arkiv|2=2823694|3=0307.f.0205}} to File:Utgrävningar_i_Teotihuacan_(1932)_-_SMVK_-_0307.f.0205.tif
Appended archive card link {{SMVK-EM-link|1=arkiv|2=2826971|3=0307.k.0004}} to File:Utgrävningar_i_Teotihuacan_(1932)_-_SMVK_-_0307.k.0004.tif
Appended archive card link {{SMVK-EM-link|1=arkiv|2=2826134|3=0307.g.0089}} to File:Utgrävningar_i_Teotihuacan_(1932)_-_SMVK_-_0307.g.0089.tif
Appended archive card link {{SMVK-EM-link|1=arkiv|2=2824639|3=0307.g.0046}} to File:Utgrävningar_i_Teotihuacan_(1932)_-_SMVK_-_0307.g.0046.tif
Appended archive card link {{SMVK-EM-link|1=arkiv|2=2818258|3=0307.a.0175}} to File:Från_utgrävningarna_vid_Xolalpan_-_SMVK_-_0307.a.0175.tif
Appended archive card link {{SMVK-EM-link|1=arkiv|2=2823919|3=0307.f.0263}} to File:Utgrävningar_i_Teotihuacan_(1932)_-_SMVK_-_0307.f.0263.tif
Appended archive card link {{SMVK-EM-link|1=arkiv|2=2818501|3=0307.a.0221}} to File:Från_utgrävningarna_vid_Xolalpan_-_SMVK_-_0307.a.0221.tif
Appended archive card link {{SMVK-EM-link|1=arkiv|2=2824009|3=0307.f.0275.a}} to File:Utgrävningar_i_Teotihuacan_(1932)_-_SMVK_-_0307.f.0275.a.tif
Appended archive card link {{SMVK-EM-link|1=arkiv|2=2826620|3=0307.j.0006}} to File:Utgrävningar_i_Teotihuacan_(1932)_-_SMVK_-_0307.j.0006.tif
Appended archive card link {{SMVK-EM-link|1=arkiv|2=2819725|3=0307.e.0008}} to File:Utgrävningar_i_Teotihuacan_(1932)_-_SMVK_-_0307.e.0008.tif
Appended archive card link {{SMVK-EM-link|1=arkiv|2=2826152|3=0307.g.0094}} to File:Utgrävningar_i_Teotihuacan_(1932)_-_SMVK_-_0307.g.0094.tif
Appended archive card link {{SMVK-EM-link|1=arkiv|2=2817412|3=0307.a.0016}} to File:Solpyramiden_-_SMVK_-_0307.a.0016.tif
Appended archive card link {{SMVK-EM-link|1=arkiv|2=2832129|3=0307.q.0151}} to File:Arkeologiskt_föremål_från_Teotihuacan_-_SMVK_-_0307.q.0151.tif
Appended archive card link {{SMVK-EM-link|1=arkiv|2=2824135|3=0307.f.0304}} to File:Utgrävningar_i_Teotihuacan_(1932)_-_SMVK_-_0307.f.0304.tif
Appended archive card link {{SMVK-EM-link|1=arkiv|2=2823856|3=0307.f.0247}} to File:Utgrävningar_i_Teotihuacan_(1932)_-_SMVK_-_0307.f.0247.tif
Appended archive card link {{SMVK-EM-link|1=arkiv|2=2818069|3=0307.a.0138.b}} to File:Parti_av_Ciudadela_-_SMVK_-_0307.a.0138.b.tif
Appended archive card link {{SMVK-EM-link|1=arkiv|2=2824027|3=0307.f.0278}} to File:Utgrävningar_i_Teotihuacan_(1932)_-_SMVK_-_0307.f.0278.tif
Appended archive card link {{SMVK-EM-link|1=arkiv|2=2819140|3=0307.c.0030}} to File:Huggen_sten_-_SMVK_-_0307.c.0030.tif
Appended archive card link {{SMVK-EM-link|1=arkiv|2=2818213|3=0307.a.0164.b}} to File:Från_utgrävningarna_vid_Xolalpan_-_SMVK_-_0307.a.0164.b.tif
Appended archive card link {{SMVK-EM-link|1=arkiv|2=2817637|3=0307.a.0058}} to File:Från_trädgården_vid_Teotihuacans_museum_-_SMVK_-_0307.a.0058.tif
Appended archive card link {{SMVK-EM-link|1=arkiv|2=2818051|3=0307.a.0135}} to File:Parti_av_Ciudadela_-_SMVK_-_0307.a.0135.tif
Appended archive card link {{SMVK-EM-link|1=arkiv|2=2824594|3=0307.g.0033}} to File:Utgrävningar_i_Teotihuacan_(1932)_-_SMVK_-_0307.g.0033.tif
Appended archive card link {{SMVK-EM-link|1=arkiv|2=2817727|3=0307.a.0067.b}} to File:Daddelpalm,_kaktus_och_pepparträd_-_SMVK_-_0307.a.0067.b.tif
Appended archive card link {{SMVK-EM-link|1=arkiv|2=2823505|3=0307.f.0167}} to File:Utgrävningar_i_Teotihuacan_(1932)_-_SMVK_-_0307.f.0167.tif
Appended archive card link {{SMVK-EM-link|1=arkiv|2=2822911|3=0307.f.0063.c}} to File:Krigarnas_tempel_-_SMVK_-_0307.f.0063.c.tif
Appended archive card link {{SMVK-EM-link|1=arkiv|2=2826656|3=0307.j.0015}} to File:Utgrävningar_i_Teotihuacan_(1932)_-_SMVK_-_0307.j.0015.tif
Appended archive card link {{SMVK-EM-link|1=arkiv|2=2826674|3=0307.j.0019}} to File:Utgrävningar_i_Teotihuacan_(1932)_-_SMVK_-_0307.j.0019.tif
Appended archive card link {{SMVK-EM-link|1=arkiv|2=2826692|3=0307.j.0029}} to File:Utgrävningar_i_Teotihuacan_(1932)_-_SMVK_-_0307.j.0029.tif
Appended archive card link {{SMVK-EM-link|1=arkiv|2=2823910|3=0307.f.0261}} to File:Utgrävningar_i_Teotihuacan_(1932)_-_SMVK_-_0307.f.0261.tif
Appended archive card link {{SMVK-EM-link|1=arkiv|2=2818294|3=0307.a.0182}} to File:Från_utgrävningarna_vid_Xolalpan_-_SMVK_-_0307.a.0182.tif
Appended archive card link {{SMVK-EM-link|1=arkiv|2=2826125|3=0307.g.0087}} to File:Utgrävningar_i_Teotihuacan_(1932)_-_SMVK_-_0307.g.0087.tif
Appended archive card link {{SMVK-EM-link|1=arkiv|2=2823190|3=0307.f.0104}} to File:Utgrävningar_i_Teotihuacan_(1932)_-_SMVK_-_0307.f.0104.tif
Appended archive card link {{SMVK-EM-link|1=arkiv|2=2818168|3=0307.a.0155.b}} to File:Från_utgrävningarna_vid_Xolalpan_-_SMVK_-_0307.a.0155.b.tif
Appended archive card link {{SMVK-EM-link|1=arkiv|2=2824648|3=0307.g.0048}} to File:Utgrävningar_i_Teotihuacan_(1932)_-_SMVK_-_0307.g.0048.tif
Appended archive card link {{SMVK-EM-link|1=arkiv|2=2822848|3=0307.f.0047}} to File:Krigarnas_tempel_-_SMVK_-_0307.f.0047.tif
Appended archive card link {{SMVK-EM-link|1=arkiv|2=2819293|3=0307.d.0021.c}} to File:Utgrävningar_i_Teotihuacan_(1932)_-_SMVK_-_0307.d.0021.c.tif
Appended archive card link {{SMVK-EM-link|1=arkiv|2=2817709|3=0307.a.0065.d}} to File:Kaktusvegetation._Kaktus_med_späda_blad_samt_frukter_-_SMVK_-_0307.a.0065.d.tif
Appended archive card link {{SMVK-EM-link|1=arkiv|2=2830905|3=0307.o.0012}} to File:Utgrävningar_i_Teotihuacan_(1932)_-_SMVK_-_0307.o.0012.tif
Appended archive card link {{SMVK-EM-link|1=arkiv|2=2817988|3=0307.a.0121.b}} to File:Parti_av_Ciudadela_-_SMVK_-_0307.a.0121.b.tif
Appended archive card link {{SMVK-EM-link|1=arkiv|2=2817979|3=0307.a.0120}} to File:Parti_av_Ciudadela_-_SMVK_-_0307.a.0120.tif
Appended archive card link {{SMVK-EM-link|1=arkiv|2=2826845|3=0307.j.0069}} to File:Utgrävningar_i_Teotihuacan_(1932)_-_SMVK_-_0307.j.0069.tif
Appended archive card link {{SMVK-EM-link|1=arkiv|2=2817322|3=0307.a.0005.c}} to File:Solpyramiden_-_SMVK_-_0307.a.0005.c.tif
Appended archive card link {{SMVK-EM-link|1=arkiv|2=2826890|3=0307.j.0080}} to File:Landsvägen_mellan_Ticul_och_Kabah,_Labna,_Sayil._(katalogkort)_-_SMVK_-_0307.j.0080.tif
Appended archive card link {{SMVK-EM-link|1=arkiv|2=2818807|3=0307.b.0039}} to File:Parti_av_Cuicuilco-pyramiden_-_SMVK_-_0307.b.0039.tif
Appended archive card link {{SMVK-EM-link|1=arkiv|2=2822884|3=0307.f.0057}} to File:Krigarnas_tempel_-_SMVK_-_0307.f.0057.tif
Appended archive card link {{SMVK-EM-link|1=arkiv|2=2818015|3=0307.a.0126}} to File:Parti_av_Ciudadela_-_SMVK_-_0307.a.0126.tif
Appended archive card link {{SMVK-EM-link|1=arkiv|2=2823343|3=0307.f.0134}} to File:Utgrävningar_i_Teotihuacan_(1932)_-_SMVK_-_0307.f.0134.tif
Appended archive card link {{SMVK-EM-link|1=arkiv|2=2824369|3=0307.f.0332.b}} to File:Utgrävningar_i_Teotihuacan_(1932)_-_SMVK_-_0307.f.0332.b.tif
Appended archive card link {{SMVK-EM-link|1=arkiv|2=2818735|3=0307.b.0023}} to File:Parti_av_Cuicuilco-pyramiden_-_SMVK_-_0307.b.0023.tif
Appended archive card link {{SMVK-EM-link|1=arkiv|2=2818708|3=0307.b.0016.b}} to File:Parti_av_Cuicuilco-pyramiden_-_SMVK_-_0307.b.0016.b.tif
Appended archive card link {{SMVK-EM-link|1=arkiv|2=2818771|3=0307.b.0031}} to File:Parti_av_Cuicuilco-pyramiden_-_SMVK_-_0307.b.0031.tif
Appended archive card link {{SMVK-EM-link|1=arkiv|2=2823739|3=0307.f.0215}} to File:Från_Dr._S.Linnés_expedition_till_Mexiko_1932_-_SMVK_-_0307.f.0215.tif
Appended archive card link {{SMVK-EM-link|1=arkiv|2=2824540|3=0307.g.0019}} to File:Utgrävningar_i_Teotihuacan_(1932)_-_SMVK_-_0307.g.0019.tif
Appended archive card link {{SMVK-EM-link|1=arkiv|2=2826197|3=0307.g.0107}} to File:Utgrävningar_i_Teotihuacan_(1932)_-_SMVK_-_0307.g.0107.tif
Appended archive card link {{SMVK-EM-link|1=arkiv|2=2824522|3=0307.g.0012}} to File:Utgrävningar_i_Teotihuacan_(1932)_-_SMVK_-_0307.g.0012.tif
Appended archive card link {{SMVK-EM-link|1=arkiv|2=2827088|3=0307.k.0024}} to File:Utgrävningar_i_Teotihuacan_(1932)_-_SMVK_-_0307.k.0024.tif
Appended archive card link {{SMVK-EM-link|1=arkiv|2=2818861|3=0307.b.0049}} to File:Parti_av_tempelpyramiden_Tenayuca_-_SMVK_-_0307.b.0049.tif
Appended archive card link {{SMVK-EM-link|1=arkiv|2=2817331|3=0307.a.0007}} to File:Solpyramiden_-_SMVK_-_0307.a.0007.tif
Appended archive card link {{SMVK-EM-link|1=arkiv|2=2822857|3=0307.f.0050}} to File:Krigarnas_tempel_-_SMVK_-_0307.f.0050.tif
Appended archive card link {{SMVK-EM-link|1=arkiv|2=2826683|3=0307.j.0026}} to File:Utgrävningar_i_Teotihuacan_(1932)_-_SMVK_-_0307.j.0026.tif
Appended archive card link {{SMVK-EM-link|1=arkiv|2=2826854|3=0307.j.0073}} to File:Maya-indian_(katalogkort)_-_SMVK_-_0307.j.0073.tif
Appended archive card link {{SMVK-EM-link|1=arkiv|2=2830634|3=0307.k.0039}} to File:Föremål_från_Museo_Arqueologico_e_Historico,_Merida_-_SMVK_-_0307.k.0039.tif
Appended archive card link {{SMVK-EM-link|1=arkiv|2=2822722|3=0307.f.0010}} to File:El_Castillo_,_den_centrala_pyramiden_-_SMVK_-_0307.f.0010.tif
Appended archive card link {{SMVK-EM-link|1=arkiv|2=2826908|3=0307.j.0084}} to File:Landsvägen_mellan_Ticul_och_Kabah,_Labna,_Sayil._(katalogkort)_-_SMVK_-_0307.j.0084.tif
Appended archive card link {{SMVK-EM-link|1=arkiv|2=2826755|3=0307.j.0041}} to File:Utgrävningar_i_Teotihuacan_(1932)_-_SMVK_-_0307.j.0041.tif
Appended archive card link {{SMVK-EM-link|1=arkiv|2=2822785|3=0307.f.0026}} to File:El_Castillo_,_den_centrala_pyramiden_-_SMVK_-_0307.f.0026.tif
Appended archive card link {{SMVK-EM-link|1=arkiv|2=2817322|3=0307.a.0005.b}} to File:Solpyramiden_-_SMVK_-_0307.a.0005.b.tif
Appended archive card link {{SMVK-EM-link|1=arkiv|2=2823433|3=0307.f.0151.a}} to File:Utgrävningar_i_Teotihuacan_(1932)_-_SMVK_-_0307.f.0151.a.tif
Appended archive card link {{SMVK-EM-link|1=arkiv|2=2823829|3=0307.f.0241}} to File:Utgrävningar_i_Teotihuacan_(1932)_-_SMVK_-_0307.f.0241.tif
Appended archive card link {{SMVK-EM-link|1=arkiv|2=2817997|3=0307.a.0124.a}} to File:Parti_av_Ciudadela_-_SMVK_-_0307.a.0124.a.tif
Appended archive card link {{SMVK-EM-link|1=arkiv|2=2826170|3=0307.g.0101}} to File:Utgrävningar_i_Teotihuacan_(1932)_-_SMVK_-_0307.g.0101.tif
Appended archive card link {{SMVK-EM-link|1=arkiv|2=2824036|3=0307.f.0280}} to File:Utgrävningar_i_Teotihuacan_(1932)_-_SMVK_-_0307.f.0280.tif
Appended archive card link {{SMVK-EM-link|1=arkiv|2=2826782|3=0307.j.0051}} to File:Utgrävningar_i_Teotihuacan_(1932)_-_SMVK_-_0307.j.0051.tif
Appended archive card link {{SMVK-EM-link|1=arkiv|2=2826422|3=0307.i.0033}} to File:Utgrävningar_i_Teotihuacan_(1932)_-_SMVK_-_0307.i.0033.tif
Appended archive card link {{SMVK-EM-link|1=arkiv|2=2823595|3=0307.f.0187}} to File:Utgrävningar_i_Teotihuacan_(1932)_-_SMVK_-_0307.f.0187.tif
Appended archive card link {{SMVK-EM-link|1=arkiv|2=2826611|3=0307.j.0004}} to File:Utgrävningar_i_Teotihuacan_(1932)_-_SMVK_-_0307.j.0004.tif
Appended archive card link {{SMVK-EM-link|1=arkiv|2=2818222|3=0307.a.0168}} to File:Från_utgrävningarna_vid_Xolalpan_-_SMVK_-_0307.a.0168.tif
Appended archive card link {{SMVK-EM-link|1=arkiv|2=2818708|3=0307.b.0016.a}} to File:Parti_av_Cuicuilco-pyramiden_-_SMVK_-_0307.b.0016.a.tif
Appended archive card link {{SMVK-EM-link|1=arkiv|2=2822866|3=0307.f.0053}} to File:Krigarnas_tempel_-_SMVK_-_0307.f.0053.tif
Appended archive card link {{SMVK-EM-link|1=arkiv|2=2826161|3=0307.g.0096}} to File:Utgrävningar_i_Teotihuacan_(1932)_-_SMVK_-_0307.g.0096.tif
Appended archive card link {{SMVK-EM-link|1=arkiv|2=2818060|3=0307.a.0137}} to File:Parti_av_Ciudadela_-_SMVK_-_0307.a.0137.tif
Appended archive card link {{SMVK-EM-link|1=arkiv|2=2818087|3=0307.a.0141}} to File:Parti_av_Ciudadela._Partier_av_den_äldre_pyramidens_rikt_dekorerade_fasa_i_Le_Ciudadela_-_SMVK_-_0307.a.0141.tif
Appended archive card link {{SMVK-EM-link|1=arkiv|2=2818906|3=0307.b.0059}} to File:Parti_av_tempelpyramiden_Tenayuca_-_SMVK_-_0307.b.0059.tif
Appended archive card link {{SMVK-EM-link|1=arkiv|2=2832111|3=0307.q.0144}} to File:Arkeologiskt_föremål_från_Teotihuacan_-_SMVK_-_0307.q.0144.tif
Appended archive card link {{SMVK-EM-link|1=arkiv|2=2832138|3=0307.q.0155}} to File:Arkeologiskt_föremål_från_Teotihuacan_-_SMVK_-_0307.q.0155.tif
Appended archive card link {{SMVK-EM-link|1=arkiv|2=2823496|3=0307.f.0165}} to File:Utgrävningar_i_Teotihuacan_(1932)_-_SMVK_-_0307.f.0165.tif
Appended archive card link {{SMVK-EM-link|1=arkiv|2=2831184|3=0307.q.0020}} to File:Arkeologiskt_föremål_från_Teotihuacan_-_SMVK_-_0307.q.0020.tif
Appended archive card link {{SMVK-EM-link|1=arkiv|2=2823604|3=0307.f.0188.b}} to File:Utgrävningar_i_Teotihuacan_(1932)_-_SMVK_-_0307.f.0188.b.tif
Appended archive card link {{SMVK-EM-link|1=arkiv|2=2826611|3=0307.j.0003}} to File:Utgrävningar_i_Teotihuacan_(1932)_-_SMVK_-_0307.j.0003.tif
Appended archive card link {{SMVK-EM-link|1=arkiv|2=2818924|3=0307.b.0063}} to File:Parti_av_tempelpyramiden_Tenayuca_-_SMVK_-_0307.b.0063.tif
Appended archive card link {{SMVK-EM-link|1=arkiv|2=2824747|3=0307.g.0079}} to File:Utgrävningar_i_Teotihuacan_(1932)_-_SMVK_-_0307.g.0079.tif
Appended archive card link {{SMVK-EM-link|1=arkiv|2=2830896|3=0307.o.0009}} to File:Utgrävningar_i_Teotihuacan_(1932)_-_SMVK_-_0307.o.0009.tif
Appended archive card link {{SMVK-EM-link|1=arkiv|2=2823622|3=0307.f.0193}} to File:Utgrävningar_i_Teotihuacan_(1932)_-_SMVK_-_0307.f.0193.tif
Appended archive card link {{SMVK-EM-link|1=arkiv|2=2823199|3=0307.f.0106}} to File:Utgrävningar_i_Teotihuacan_(1932)_-_SMVK_-_0307.f.0106.tif
Appended archive card link {{SMVK-EM-link|1=arkiv|2=2831841|3=0307.q.0100}} to File:Arkeologiskt_föremål_från_Teotihuacan_-_SMVK_-_0307.q.0100.tif
Appended archive card link {{SMVK-EM-link|1=arkiv|2=2823577|3=0307.f.0181}} to File:Utgrävningar_i_Teotihuacan_(1932)_-_SMVK_-_0307.f.0181.tif
Appended archive card link {{SMVK-EM-link|1=arkiv|2=2818186|3=0307.a.0158}} to File:Från_utgrävningarna_vid_Xolalpan_-_SMVK_-_0307.a.0158.tif
Appended archive card link {{SMVK-EM-link|1=arkiv|2=2824081|3=0307.f.0294}} to File:Utgrävningar_i_Teotihuacan_(1932)_-_SMVK_-_0307.f.0294.tif
Appended archive card link {{SMVK-EM-link|1=arkiv|2=2831076|3=0307.p.0020}} to File:Vera_Cruz,_katedralen_-_SMVK_-_0307.p.0020.tif
Appended archive card link {{SMVK-EM-link|1=arkiv|2=2826854|3=0307.j.0072}} to File:Maya-indian_(katalogkort)_-_SMVK_-_0307.j.0072.tif
Appended archive card link {{SMVK-EM-link|1=arkiv|2=2819293|3=0307.d.0021.e}} to File:Utgrävningar_i_Teotihuacan_(1932)_-_SMVK_-_0307.d.0021.e.tif
Appended archive card link {{SMVK-EM-link|1=arkiv|2=2818132|3=0307.a.0146.c}} to File:Från_utgrävningarna_vid_Xolalpan._Från_utgrävningen_av_mitt_hus._(katalogkort)_-_SMVK_-_0307.a.0146.c.tif
Appended archive card link {{SMVK-EM-link|1=arkiv|2=2818258|3=0307.a.0176}} to File:Från_utgrävningarna_vid_Xolalpan_-_SMVK_-_0307.a.0176.tif
Appended archive card link {{SMVK-EM-link|1=arkiv|2=2817943|3=0307.a.0112.c}} to File:Parti_av_Ciudadela_-_SMVK_-_0307.a.0112.c.tif
Appended archive card link {{SMVK-EM-link|1=arkiv|2=2822848|3=0307.f.0045}} to File:Krigarnas_tempel_-_SMVK_-_0307.f.0045.tif
Appended archive card link {{SMVK-EM-link|1=arkiv|2=2826836|3=0307.j.0065}} to File:Utgrävningar_i_Teotihuacan_(1932)_-_SMVK_-_0307.j.0065.tif
Appended archive card link {{SMVK-EM-link|1=arkiv|2=2823262|3=0307.f.0121}} to File:Utgrävningar_i_Teotihuacan_(1932)_-_SMVK_-_0307.f.0121.tif
Appended archive card link {{SMVK-EM-link|1=arkiv|2=2824648|3=0307.g.0049}} to File:Utgrävningar_i_Teotihuacan_(1932)_-_SMVK_-_0307.g.0049.tif
Appended archive card link {{SMVK-EM-link|1=arkiv|2=2824684|3=0307.g.0058}} to File:Utgrävningar_i_Teotihuacan_(1932)_-_SMVK_-_0307.g.0058.tif
Appended archive card link {{SMVK-EM-link|1=arkiv|2=2818312|3=0307.a.0188}} to File:Från_utgrävningarna_vid_Xolalpan_-_SMVK_-_0307.a.0188.tif
Appended archive card link {{SMVK-EM-link|1=arkiv|2=2818186|3=0307.a.0159}} to File:Från_utgrävningarna_vid_Xolalpan_-_SMVK_-_0307.a.0159.tif
Appended archive card link {{SMVK-EM-link|1=arkiv|2=2824531|3=0307.g.0016}} to File:Utgrävningar_i_Teotihuacan_(1932)_-_SMVK_-_0307.g.0016.tif
Appended archive card link {{SMVK-EM-link|1=arkiv|2=2830905|3=0307.o.0014}} to File:Utgrävningar_i_Teotihuacan_(1932)_-_SMVK_-_0307.o.0014.tif
Appended archive card link {{SMVK-EM-link|1=arkiv|2=2823721|3=0307.f.0211}} to File:Utgrävningar_i_Teotihuacan_(1932)_-_SMVK_-_0307.f.0211.tif
Appended archive card link {{SMVK-EM-link|1=arkiv|2=2824045|3=0307.f.0285}} to File:Utgrävningar_i_Teotihuacan_(1932)_-_SMVK_-_0307.f.0285.tif
Appended archive card link {{SMVK-EM-link|1=arkiv|2=2824594|3=0307.g.0034}} to File:Utgrävningar_i_Teotihuacan_(1932)_-_SMVK_-_0307.g.0034.tif
Appended archive card link {{SMVK-EM-link|1=arkiv|2=2823262|3=0307.f.0120}} to File:Utgrävningar_i_Teotihuacan_(1932)_-_SMVK_-_0307.f.0120.tif
Appended archive card link {{SMVK-EM-link|1=arkiv|2=2826593|3=0307.i.0059}} to File:Utgrävningar_i_Teotihuacan_(1932)_-_SMVK_-_0307.i.0059.tif
Appended archive card link {{SMVK-EM-link|1=arkiv|2=2817574|3=0307.a.0049}} to File:Från_Dr._Vaillants_grävningar_-_SMVK_-_0307.a.0049.tif
Appended archive card link {{SMVK-EM-link|1=arkiv|2=2819815|3=0307.e.0038.a}} to File:Utgrävningar_i_Teotihuacan_(1932)_-_SMVK_-_0307.e.0038.a.tif
Appended archive card link {{SMVK-EM-link|1=arkiv|2=2819797|3=0307.e.0031}} to File:Utgrävningar_i_Teotihuacan_(1932)_-_SMVK_-_0307.e.0031.tif
Appended archive card link {{SMVK-EM-link|1=arkiv|2=2818042|3=0307.a.0133}} to File:Parti_av_Ciudadela_-_SMVK_-_0307.a.0133.tif
Appended archive card link {{SMVK-EM-link|1=arkiv|2=2831085|3=0307.p.0023}} to File:Guvernörspalatset_-_SMVK_-_0307.p.0023.tif
Appended archive card link {{SMVK-EM-link|1=arkiv|2=2832111|3=0307.q.0145}} to File:Arkeologiskt_föremål_från_Teotihuacan_-_SMVK_-_0307.q.0145.tif
Appended archive card link {{SMVK-EM-link|1=arkiv|2=2826296|3=0307.i.0002}} to File:Utgrävningar_i_Teotihuacan_(1932)_-_SMVK_-_0307.i.0002.tif
Appended archive card link {{SMVK-EM-link|1=arkiv|2=2823811|3=0307.f.0238.a}} to File:Utgrävningar_i_Teotihuacan_(1932)_-_SMVK_-_0307.f.0238.a.tif
Appended archive card link {{SMVK-EM-link|1=arkiv|2=2826791|3=0307.j.0053}} to File:Utgrävningar_i_Teotihuacan_(1932)_-_SMVK_-_0307.j.0053.tif
Appended archive card link {{SMVK-EM-link|1=arkiv|2=2818159|3=0307.a.0152}} to File:Från_utgrävningarna_vid_Xolalpan_-_SMVK_-_0307.a.0152.tif
Appended archive card link {{SMVK-EM-link|1=arkiv|2=2823037|3=0307.f.0084}} to File:Utgrävningar_i_Teotihuacan_(1932)_-_SMVK_-_0307.f.0084.tif
Appended archive card link {{SMVK-EM-link|1=arkiv|2=2817763|3=0307.a.0074}} to File:Modern_tegelugn_-_SMVK_-_0307.a.0074.tif
Appended archive card link {{SMVK-EM-link|1=arkiv|2=2831130|3=0307.q.0005}} to File:Arkeologiskt_föremål_från_Teotihuacan_-_SMVK_-_0307.q.0005.tif
Appended archive card link {{SMVK-EM-link|1=arkiv|2=2824090|3=0307.f.0297}} to File:Utgrävningar_i_Teotihuacan_(1932)_-_SMVK_-_0307.f.0297.tif
Appended archive card link {{SMVK-EM-link|1=arkiv|2=2826413|3=0307.i.0030}} to File:Utgrävningar_i_Teotihuacan_(1932)_-_SMVK_-_0307.i.0030.tif
Appended archive card link {{SMVK-EM-link|1=arkiv|2=2822839|3=0307.f.0042}} to File:Krigarnas_tempel_-_SMVK_-_0307.f.0042.tif
Appended archive card link {{SMVK-EM-link|1=arkiv|2=2822803|3=0307.f.0029}} to File:Krigarnas_tempel_-_SMVK_-_0307.f.0029.tif
Appended archive card link {{SMVK-EM-link|1=arkiv|2=2823874|3=0307.f.0252}} to File:Utgrävningar_i_Teotihuacan_(1932)_-_SMVK_-_0307.f.0252.tif
Appended archive card link {{SMVK-EM-link|1=arkiv|2=2818888|3=0307.b.0054}} to File:Parti_av_tempelpyramiden_Tenayuca_-_SMVK_-_0307.b.0054.tif
Appended archive card link {{SMVK-EM-link|1=arkiv|2=2831868|3=0307.q.0108}} to File:Arkeologiskt_föremål_från_Teotihuacan_-_SMVK_-_0307.q.0108.tif
Appended archive card link {{SMVK-EM-link|1=arkiv|2=2823883|3=0307.f.0254}} to File:Utgrävningar_i_Teotihuacan_(1932)_-_SMVK_-_0307.f.0254.tif
Appended archive card link {{SMVK-EM-link|1=arkiv|2=2818852|3=0307.b.0047}} to File:Från_Dr._S.Linnés_expedition_till_Mexiko_1932_-_SMVK_-_0307.b.0047.tif
Appended archive card link {{SMVK-EM-link|1=arkiv|2=2826809|3=0307.j.0059}} to File:Utgrävningar_i_Teotihuacan_(1932)_-_SMVK_-_0307.j.0059.tif
Appended archive card link {{SMVK-EM-link|1=arkiv|2=2819797|3=0307.e.0029}} to File:Utgrävningar_i_Teotihuacan_(1932)_-_SMVK_-_0307.e.0029.tif
Appended archive card link {{SMVK-EM-link|1=arkiv|2=2831841|3=0307.q.0099}} to File:Arkeologiskt_föremål_från_Teotihuacan_-_SMVK_-_0307.q.0099.tif
Appended archive card link {{SMVK-EM-link|1=arkiv|2=2819770|3=0307.e.0020}} to File:Utgrävningar_i_Teotihuacan_(1932)_-_SMVK_-_0307.e.0020.tif
Appended archive card link {{SMVK-EM-link|1=arkiv|2=2823127|3=0307.f.0095}} to File:Utgrävningar_i_Teotihuacan_(1932)_-_SMVK_-_0307.f.0095.tif
Appended archive card link {{SMVK-EM-link|1=arkiv|2=2824423|3=0307.f.0341}} to File:Utgrävningar_i_Teotihuacan_(1932)_-_SMVK_-_0307.f.0341.tif
Appended archive card link {{SMVK-EM-link|1=arkiv|2=2826332|3=0307.i.0011}} to File:Utgrävningar_i_Teotihuacan_(1932)_-_SMVK_-_0307.i.0011.tif
Appended archive card link {{SMVK-EM-link|1=arkiv|2=2819779|3=0307.e.0023}} to File:Utgrävningar_i_Teotihuacan_(1932)_-_SMVK_-_0307.e.0023.tif
Appended archive card link {{SMVK-EM-link|1=arkiv|2=2831832|3=0307.q.0094}} to File:Arkeologiskt_föremål_från_Teotihuacan_-_SMVK_-_0307.q.0094.tif
Appended archive card link {{SMVK-EM-link|1=arkiv|2=2823712|3=0307.f.0209}} to File:Utgrävningar_i_Teotihuacan_(1932)_-_SMVK_-_0307.f.0209.tif
Appended archive card link {{SMVK-EM-link|1=arkiv|2=2826881|3=0307.j.0078}} to File:Landsvägen_mellan_Ticul_och_Kabah,_Labna,_Sayil._(katalogkort)_-_SMVK_-_0307.j.0078.tif
Appended archive card link {{SMVK-EM-link|1=arkiv|2=2817970|3=0307.a.0118}} to File:Parti_av_Ciudadela_-_SMVK_-_0307.a.0118.tif
Appended archive card link {{SMVK-EM-link|1=arkiv|2=2818906|3=0307.b.0058}} to File:Parti_av_tempelpyramiden_Tenayuca_-_SMVK_-_0307.b.0058.tif
Appended archive card link {{SMVK-EM-link|1=arkiv|2=2826683|3=0307.j.0024}} to File:Utgrävningar_i_Teotihuacan_(1932)_-_SMVK_-_0307.j.0024.tif
Appended archive card link {{SMVK-EM-link|1=arkiv|2=2818222|3=0307.a.0166}} to File:Från_utgrävningarna_vid_Xolalpan_-_SMVK_-_0307.a.0166.tif
Appended archive card link {{SMVK-EM-link|1=arkiv|2=2824549|3=0307.g.0021}} to File:Utgrävningar_i_Teotihuacan_(1932)_-_SMVK_-_0307.g.0021.tif
Appended archive card link {{SMVK-EM-link|1=arkiv|2=2823208|3=0307.f.0109}} to File:Utgrävningar_i_Teotihuacan_(1932)_-_SMVK_-_0307.f.0109.tif
Appended archive card link {{SMVK-EM-link|1=arkiv|2=2826242|3=0307.h.0002}} to File:Utgrävningar_i_Teotihuacan_(1932)_-_SMVK_-_0307.h.0002.tif
Appended archive card link {{SMVK-EM-link|1=arkiv|2=2830779|3=0307.n.0003}} to File:Utgrävningar_i_Teotihuacan_(1932)_-_SMVK_-_0307.n.0003.tif
Appended archive card link {{SMVK-EM-link|1=arkiv|2=2826683|3=0307.j.0025}} to File:Utgrävningar_i_Teotihuacan_(1932)_-_SMVK_-_0307.j.0025.tif
Appended archive card link {{SMVK-EM-link|1=arkiv|2=2824558|3=0307.g.0024}} to File:Utgrävningar_i_Teotihuacan_(1932)_-_SMVK_-_0307.g.0024.tif
Appended archive card link {{SMVK-EM-link|1=arkiv|2=2822803|3=0307.f.0031}} to File:Krigarnas_tempel_-_SMVK_-_0307.f.0031.tif
Appended archive card link {{SMVK-EM-link|1=arkiv|2=2831346|3=0307.q.0041}} to File:Arkeologiskt_föremål_från_Teotihuacan_-_SMVK_-_0307.q.0041.tif
Appended archive card link {{SMVK-EM-link|1=arkiv|2=2819716|3=0307.e.0006}} to File:Utgrävningar_i_Teotihuacan_(1932)_-_SMVK_-_0307.e.0006.tif
Appended archive card link {{SMVK-EM-link|1=arkiv|2=2823442|3=0307.f.0153}} to File:Utgrävningar_i_Teotihuacan_(1932)_-_SMVK_-_0307.f.0153.tif
Appended archive card link {{SMVK-EM-link|1=arkiv|2=2818852|3=0307.b.0045}} to File:Från_Dr._S.Linnés_expedition_till_Mexiko_1932_-_SMVK_-_0307.b.0045.tif
Appended archive card link {{SMVK-EM-link|1=arkiv|2=2817898|3=0307.a.0105}} to File:Parti_av_Ciudadela_-_SMVK_-_0307.a.0105.tif
Appended archive card link {{SMVK-EM-link|1=arkiv|2=2822704|3=0307.f.0004.b}} to File:El_Castillo_,_den_centrala_pyramiden._T._v._krigarens_tempel_-_SMVK_-_0307.f.0004.b.tif
Appended archive card link {{SMVK-EM-link|1=arkiv|2=2818906|3=0307.b.0057}} to File:Parti_av_tempelpyramiden_Tenayuca_-_SMVK_-_0307.b.0057.tif
Appended archive card link {{SMVK-EM-link|1=arkiv|2=2817574|3=0307.a.0050}} to File:Från_Dr._Vaillants_grävningar_-_SMVK_-_0307.a.0050.tif
Appended archive card link {{SMVK-EM-link|1=arkiv|2=2823766|3=0307.f.0224}} to File:Utgrävningar_i_Teotihuacan_(1932)_-_SMVK_-_0307.f.0224.tif
Appended archive card link {{SMVK-EM-link|1=arkiv|2=2823478|3=0307.f.0161}} to File:Utgrävningar_i_Teotihuacan_(1932)_-_SMVK_-_0307.f.0161.tif
Appended archive card link {{SMVK-EM-link|1=arkiv|2=2819194|3=0307.d.0005}} to File:Utgrävningar_i_Teotihuacan_(1932)_-_SMVK_-_0307.d.0005.tif
Appended archive card link {{SMVK-EM-link|1=arkiv|2=2819410|3=0307.d.0027.b}} to File:Utgrävningar_i_Teotihuacan_(1932)_-_SMVK_-_0307.d.0027.b.tif
Appended archive card link {{SMVK-EM-link|1=arkiv|2=2823829|3=0307.f.0240}} to File:Utgrävningar_i_Teotihuacan_(1932)_-_SMVK_-_0307.f.0240.tif
Appended archive card link {{SMVK-EM-link|1=arkiv|2=2818483|3=0307.a.0215}} to File:Från_utgrävningarna_vid_Xolalpan_-_SMVK_-_0307.a.0215.tif
Appended archive card link {{SMVK-EM-link|1=arkiv|2=2822731|3=0307.f.0012}} to File:El_Castillo_,_den_centrala_pyramiden_-_SMVK_-_0307.f.0012.tif
Appended archive card link {{SMVK-EM-link|1=arkiv|2=2817394|3=0307.a.0012}} to File:Solpyramiden_-_SMVK_-_0307.a.0012.tif
Appended archive card link {{SMVK-EM-link|1=arkiv|2=2823505|3=0307.f.0170}} to File:Utgrävningar_i_Teotihuacan_(1932)_-_SMVK_-_0307.f.0170.tif
Appended archive card link {{SMVK-EM-link|1=arkiv|2=2817294|3=0307.a.0002.b}} to File:Solpyramiden_-_SMVK_-_0307.a.0002.b.tif
Appended archive card link {{SMVK-EM-link|1=arkiv|2=2826836|3=0307.j.0067}} to File:Utgrävningar_i_Teotihuacan_(1932)_-_SMVK_-_0307.j.0067.tif
Appended archive card link {{SMVK-EM-link|1=arkiv|2=2818798|3=0307.b.0037}} to File:Parti_av_Cuicuilco-pyramiden_-_SMVK_-_0307.b.0037.tif
Appended archive card link {{SMVK-EM-link|1=arkiv|2=2819185|3=0307.d.0003}} to File:Utgrävningar_i_Teotihuacan_(1932)_-_SMVK_-_0307.d.0003.tif
Appended archive card link {{SMVK-EM-link|1=arkiv|2=2823757|3=0307.f.0220}} to File:Utgrävningar_i_Teotihuacan_(1932)_-_SMVK_-_0307.f.0220.tif
Appended archive card link {{SMVK-EM-link|1=arkiv|2=2826431|3=0307.i.0035}} to File:Utgrävningar_i_Teotihuacan_(1932)_-_SMVK_-_0307.i.0035.tif
Appended archive card link {{SMVK-EM-link|1=arkiv|2=2819311|3=0307.d.0021.j}} to File:Utgrävningar_i_Teotihuacan_(1932)_-_SMVK_-_0307.d.0021.j.tif
Appended archive card link {{SMVK-EM-link|1=arkiv|2=2832093|3=0307.q.0139}} to File:Arkeologiskt_föremål_från_Teotihuacan_-_SMVK_-_0307.q.0139.tif
Appended archive card link {{SMVK-EM-link|1=arkiv|2=2818015|3=0307.a.0127}} to File:Parti_av_Ciudadela_-_SMVK_-_0307.a.0127.tif
Appended archive card link {{SMVK-EM-link|1=arkiv|2=2824459|3=0307.g.0002}} to File:Utgrävningar_i_Teotihuacan_(1932)_-_SMVK_-_0307.g.0002.tif
Appended archive card link {{SMVK-EM-link|1=arkiv|2=2824630|3=0307.g.0042}} to File:Utgrävningar_i_Teotihuacan_(1932)_-_SMVK_-_0307.g.0042.tif
Appended archive card link {{SMVK-EM-link|1=arkiv|2=2819806|3=0307.e.0035}} to File:Utgrävningar_i_Teotihuacan_(1932)_-_SMVK_-_0307.e.0035.tif
Appended archive card link {{SMVK-EM-link|1=arkiv|2=2824477|3=0307.g.0006}} to File:Utgrävningar_i_Teotihuacan_(1932)_-_SMVK_-_0307.g.0006.tif
Appended archive card link {{SMVK-EM-link|1=arkiv|2=2823766|3=0307.f.0223}} to File:Utgrävningar_i_Teotihuacan_(1932)_-_SMVK_-_0307.f.0223.tif
Appended archive card link {{SMVK-EM-link|1=arkiv|2=2819203|3=0307.d.0008}} to File:Utgrävningar_i_Teotihuacan_(1932)_-_SMVK_-_0307.d.0008.tif
Appended archive card link {{SMVK-EM-link|1=arkiv|2=2826800|3=0307.j.0056}} to File:Utgrävningar_i_Teotihuacan_(1932)_-_SMVK_-_0307.j.0056.tif
Appended archive card link {{SMVK-EM-link|1=arkiv|2=2827043|3=0307.k.0016}} to File:Casa_Montejo_-_SMVK_-_0307.k.0016.tif
Appended archive card link {{SMVK-EM-link|1=arkiv|2=2817565|3=0307.a.0046}} to File:Från_utgrävningarna_vid_Thomas_Palmas_hus_-_SMVK_-_0307.a.0046.tif
Appended archive card link {{SMVK-EM-link|1=arkiv|2=2817493|3=0307.a.0033.b}} to File:Utgrävningar_i_Teotihuacan_(1932)_-_SMVK_-_0307.a.0033.b.tif
Appended archive card link {{SMVK-EM-link|1=arkiv|2=2826674|3=0307.j.0021}} to File:Utgrävningar_i_Teotihuacan_(1932)_-_SMVK_-_0307.j.0021.tif
Appended archive card link {{SMVK-EM-link|1=arkiv|2=2824045|3=0307.f.0286}} to File:Utgrävningar_i_Teotihuacan_(1932)_-_SMVK_-_0307.f.0286.tif
Appended archive card link {{SMVK-EM-link|1=arkiv|2=2818510|3=0307.a.0223}} to File:Från_utgrävningarna_vid_Xolalpan_-_SMVK_-_0307.a.0223.tif
Appended archive card link {{SMVK-EM-link|1=arkiv|2=2826665|3=0307.j.0017}} to File:Utgrävningar_i_Teotihuacan_(1932)_-_SMVK_-_0307.j.0017.tif
Appended archive card link {{SMVK-EM-link|1=arkiv|2=2826512|3=0307.i.0047}} to File:Utgrävningar_i_Teotihuacan_(1932)_-_SMVK_-_0307.i.0047.tif
Appended archive card link {{SMVK-EM-link|1=arkiv|2=2823235|3=0307.f.0113}} to File:Utgrävningar_i_Teotihuacan_(1932)_-_SMVK_-_0307.f.0113.tif
Appended archive card link {{SMVK-EM-link|1=arkiv|2=2824387|3=0307.f.0336}} to File:Utgrävningar_i_Teotihuacan_(1932)_-_SMVK_-_0307.f.0336.tif
Appended archive card link {{SMVK-EM-link|1=arkiv|2=2817916|3=0307.a.0108.b}} to File:Parti_av_Ciudadela_-_SMVK_-_0307.a.0108.b.tif
Appended archive card link {{SMVK-EM-link|1=arkiv|2=2817556|3=0307.a.0044}} to File:Från_utgrävningarna_vid_Thomas_Palmas_hus_-_SMVK_-_0307.a.0044.tif
Appended archive card link {{SMVK-EM-link|1=arkiv|2=2822749|3=0307.f.0020}} to File:El_Castillo_,_den_centrala_pyramiden_-_SMVK_-_0307.f.0020.tif
Appended archive card link {{SMVK-EM-link|1=arkiv|2=2818366|3=0307.a.0195}} to File:Från_utgrävningarna_vid_Xolalpan.,_Från_utgrävningarna_vid_Xolalpan_-_SMVK_-_0307.a.0195.tif
Appended archive card link {{SMVK-EM-link|1=arkiv|2=2823559|3=0307.f.0177}} to File:Utgrävningar_i_Teotihuacan_(1932)_-_SMVK_-_0307.f.0177.tif
Appended archive card link {{SMVK-EM-link|1=arkiv|2=2826638|3=0307.j.0009}} to File:Utgrävningar_i_Teotihuacan_(1932)_-_SMVK_-_0307.j.0009.tif
Appended archive card link {{SMVK-EM-link|1=arkiv|2=2819248|3=0307.d.0016}} to File:Utgrävningar_i_Teotihuacan_(1932)_-_SMVK_-_0307.d.0016.tif
Appended archive card link {{SMVK-EM-link|1=arkiv|2=2818852|3=0307.b.0044}} to File:Från_Dr._S.Linnés_expedition_till_Mexiko_1932_-_SMVK_-_0307.b.0044.tif
Appended archive card link {{SMVK-EM-link|1=arkiv|2=2826746|3=0307.j.0039}} to File:Utgrävningar_i_Teotihuacan_(1932)_-_SMVK_-_0307.j.0039.tif
Appended archive card link {{SMVK-EM-link|1=arkiv|2=2826170|3=0307.g.0100}} to File:Utgrävningar_i_Teotihuacan_(1932)_-_SMVK_-_0307.g.0100.tif
Appended archive card link {{SMVK-EM-link|1=arkiv|2=2818303|3=0307.a.0185}} to File:Från_utgrävningarna_vid_Xolalpan_-_SMVK_-_0307.a.0185.tif
Appended archive card link {{SMVK-EM-link|1=arkiv|2=2824711|3=0307.g.0068}} to File:Utgrävningar_i_Teotihuacan_(1932)_-_SMVK_-_0307.g.0068.tif
Appended archive card link {{SMVK-EM-link|1=arkiv|2=2824414|3=0307.f.0339}} to File:Utgrävningar_i_Teotihuacan_(1932)_-_SMVK_-_0307.f.0339.tif
Appended archive card link {{SMVK-EM-link|1=arkiv|2=2826404|3=0307.i.0027}} to File:Utgrävningar_i_Teotihuacan_(1932)_-_SMVK_-_0307.i.0027.tif
Appended archive card link {{SMVK-EM-link|1=arkiv|2=2832093|3=0307.q.0136}} to File:Arkeologiskt_föremål_från_Teotihuacan_-_SMVK_-_0307.q.0136.tif
Appended archive card link {{SMVK-EM-link|1=arkiv|2=2817799|3=0307.a.0084}} to File:Parti_av_Ciudadela_-_SMVK_-_0307.a.0084.tif
Appended archive card link {{SMVK-EM-link|1=arkiv|2=2826782|3=0307.j.0050}} to File:Utgrävningar_i_Teotihuacan_(1932)_-_SMVK_-_0307.j.0050.tif
Appended archive card link {{SMVK-EM-link|1=arkiv|2=2826647|3=0307.j.0013}} to File:Utgrävningar_i_Teotihuacan_(1932)_-_SMVK_-_0307.j.0013.tif
Appended archive card link {{SMVK-EM-link|1=arkiv|2=2826125|3=0307.g.0086}} to File:Utgrävningar_i_Teotihuacan_(1932)_-_SMVK_-_0307.g.0086.tif
Appended archive card link {{SMVK-EM-link|1=arkiv|2=2832093|3=0307.q.0137}} to File:Arkeologiskt_föremål_från_Teotihuacan_-_SMVK_-_0307.q.0137.tif
Appended archive card link {{SMVK-EM-link|1=arkiv|2=2826854|3=0307.j.0071}} to File:Maya-indian_(katalogkort)_-_SMVK_-_0307.j.0071.tif
Appended archive card link {{SMVK-EM-link|1=arkiv|2=2817313|3=0307.a.0005}} to File:Solpyramiden_-_SMVK_-_0307.a.0005.tif
Appended archive card link {{SMVK-EM-link|1=arkiv|2=2826773|3=0307.j.0047}} to File:Utgrävningar_i_Teotihuacan_(1932)_-_SMVK_-_0307.j.0047.tif
Appended archive card link {{SMVK-EM-link|1=arkiv|2=2818969|3=0307.b.0068.c}} to File:Parti_av_tempelpyramiden_Tenayuca_-_SMVK_-_0307.b.0068.c.tif
Appended archive card link {{SMVK-EM-link|1=arkiv|2=2826494|3=0307.i.0044}} to File:Utgrävningar_i_Teotihuacan_(1932)_-_SMVK_-_0307.i.0044.tif
Appended archive card link {{SMVK-EM-link|1=arkiv|2=2818699|3=0307.b.0014}} to File:Parti_av_Cuicuilco-pyramiden_-_SMVK_-_0307.b.0014.tif
Appended archive card link {{SMVK-EM-link|1=arkiv|2=2817457|3=0307.a.0026}} to File:Utgrävningar_i_Teotihuacan_(1932)_-_SMVK_-_0307.a.0026.tif
Appended archive card link {{SMVK-EM-link|1=arkiv|2=2817538|3=0307.a.0040}} to File:Från_utgrävningarna_vid_Thomas_Palmas_hus._Dr_Sigvald_Linné_-_SMVK_-_0307.a.0040.tif
Appended archive card link {{SMVK-EM-link|1=arkiv|2=2824531|3=0307.g.0015}} to File:Utgrävningar_i_Teotihuacan_(1932)_-_SMVK_-_0307.g.0015.tif
Appended archive card link {{SMVK-EM-link|1=arkiv|2=2831832|3=0307.q.0095}} to File:Arkeologiskt_föremål_från_Teotihuacan_-_SMVK_-_0307.q.0095.tif
Appended archive card link {{SMVK-EM-link|1=arkiv|2=2826242|3=0307.h.0004}} to File:Utgrävningar_i_Teotihuacan_(1932)_-_SMVK_-_0307.h.0004.tif
Appended archive card link {{SMVK-EM-link|1=arkiv|2=2823748|3=0307.f.0218}} to File:Utgrävningar_i_Teotihuacan_(1932)_-_SMVK_-_0307.f.0218.tif
Appended archive card link {{SMVK-EM-link|1=arkiv|2=2818159|3=0307.a.0153}} to File:Från_utgrävningarna_vid_Xolalpan_-_SMVK_-_0307.a.0153.tif
Appended archive card link {{SMVK-EM-link|1=arkiv|2=2818024|3=0307.a.0130.a}} to File:Parti_av_Ciudadela_-_SMVK_-_0307.a.0130.a.tif
Appended archive card link {{SMVK-EM-link|1=arkiv|2=2826755|3=0307.j.0042}} to File:Utgrävningar_i_Teotihuacan_(1932)_-_SMVK_-_0307.j.0042.tif
Appended archive card link {{SMVK-EM-link|1=arkiv|2=2818582|3=0307.a.0237}} to File:Husruin,_Teopancaxco._Barrio,_San_Sebastian_-_SMVK_-_0307.a.0237.tif
Appended archive card link {{SMVK-EM-link|1=arkiv|2=2831139|3=0307.q.0007}} to File:Arkeologiskt_föremål_från_Teotihuacan_-_SMVK_-_0307.q.0007.tif
Appended archive card link {{SMVK-EM-link|1=arkiv|2=2819266|3=0307.d.0019}} to File:Utgrävningar_i_Teotihuacan_(1932)_-_SMVK_-_0307.d.0019.tif
Appended archive card link {{SMVK-EM-link|1=arkiv|2=2832120|3=0307.q.0148}} to File:Arkeologiskt_föremål_från_Teotihuacan_-_SMVK_-_0307.q.0148.tif
Appended archive card link {{SMVK-EM-link|1=arkiv|2=2818456|3=0307.a.0208}} to File:Från_utgrävningarna_vid_Xolalpan._206-233_från_familjen_Reyes_gård,_som_står_på_delar_av_husruinen_-_SMVK_-_0307.a.0208.tif
Appended archive card link {{SMVK-EM-link|1=arkiv|2=2826197|3=0307.g.0106}} to File:Utgrävningar_i_Teotihuacan_(1932)_-_SMVK_-_0307.g.0106.tif
Appended archive card link {{SMVK-EM-link|1=arkiv|2=2819842|3=0307.e.0040}} to File:Utgrävningar_i_Teotihuacan_(1932)_-_SMVK_-_0307.e.0040.tif
Appended archive card link {{SMVK-EM-link|1=arkiv|2=2824045|3=0307.f.0284}} to File:Utgrävningar_i_Teotihuacan_(1932)_-_SMVK_-_0307.f.0284.tif
Appended archive card link {{SMVK-EM-link|1=arkiv|2=2817808|3=0307.a.0087}} to File:Parti_av_Ciudadela_-_SMVK_-_0307.a.0087.tif
Appended archive card link {{SMVK-EM-link|1=arkiv|2=2824621|3=0307.g.0040}} to File:Utgrävningar_i_Teotihuacan_(1932)_-_SMVK_-_0307.g.0040.tif
Appended archive card link {{SMVK-EM-link|1=arkiv|2=2818546|3=0307.a.0231}} to File:Från_utgrävningarna_vid_Xolalpan_-_SMVK_-_0307.a.0231.tif
Appended archive card link {{SMVK-EM-link|1=arkiv|2=2818429|3=0307.a.0204}} to File:Från_utgrävningarna_vid_Xolalpan_-_SMVK_-_0307.a.0204.tif
Appended archive card link {{SMVK-EM-link|1=arkiv|2=2822740|3=0307.f.0018}} to File:El_Castillo_,_den_centrala_pyramiden._T._v._krigarens_tempel_-_SMVK_-_0307.f.0018.tif
Appended archive card link {{SMVK-EM-link|1=arkiv|2=2826773|3=0307.j.0046}} to File:Utgrävningar_i_Teotihuacan_(1932)_-_SMVK_-_0307.j.0046.tif
Appended archive card link {{SMVK-EM-link|1=arkiv|2=2823802|3=0307.f.0235}} to File:Utgrävningar_i_Teotihuacan_(1932)_-_SMVK_-_0307.f.0235.tif
Appended archive card link {{SMVK-EM-link|1=arkiv|2=2824558|3=0307.g.0023}} to File:Utgrävningar_i_Teotihuacan_(1932)_-_SMVK_-_0307.g.0023.tif
Appended archive card link {{SMVK-EM-link|1=arkiv|2=2817538|3=0307.a.0039}} to File:Från_utgrävningarna_vid_Thomas_Palmas_hus_-_SMVK_-_0307.a.0039.tif
Appended archive card link {{SMVK-EM-link|1=arkiv|2=2826899|3=0307.j.0082}} to File:Landsvägen_mellan_Ticul_och_Kabah,_Labna,_Sayil._(katalogkort)_-_SMVK_-_0307.j.0082.tif
Appended archive card link {{SMVK-EM-link|1=arkiv|2=2818690|3=0307.b.0012.c}} to File:Parti_av_Cuicuilco-pyramiden_-_SMVK_-_0307.b.0012.c.tif
Appended archive card link {{SMVK-EM-link|1=arkiv|2=2823424|3=0307.f.0149.b}} to File:Utgrävningar_i_Teotihuacan_(1932)_-_SMVK_-_0307.f.0149.b.tif
Appended archive card link {{SMVK-EM-link|1=arkiv|2=2819293|3=0307.d.0021.b}} to File:Utgrävningar_i_Teotihuacan_(1932)_-_SMVK_-_0307.d.0021.b.tif
Appended archive card link {{SMVK-EM-link|1=arkiv|2=2823640|3=0307.f.0198}} to File:Utgrävningar_i_Teotihuacan_(1932)_-_SMVK_-_0307.f.0198.tif
Appended archive card link {{SMVK-EM-link|1=arkiv|2=2823343|3=0307.f.0135.a}} to File:Utgrävningar_i_Teotihuacan_(1932)_-_SMVK_-_0307.f.0135.a.tif
Appended archive card link {{SMVK-EM-link|1=arkiv|2=2826368|3=0307.i.0019}} to File:Utgrävningar_i_Teotihuacan_(1932)_-_SMVK_-_0307.i.0019.tif
Appended archive card link {{SMVK-EM-link|1=arkiv|2=2830896|3=0307.o.0010}} to File:Utgrävningar_i_Teotihuacan_(1932)_-_SMVK_-_0307.o.0010.tif
Appended archive card link {{SMVK-EM-link|1=arkiv|2=2822677|3=0307.e.0048}} to File:Utgrävningar_i_Teotihuacan_(1932)_-_SMVK_-_0307.e.0048.tif
Appended archive card link {{SMVK-EM-link|1=arkiv|2=2832093|3=0307.q.0138}} to File:Arkeologiskt_föremål_från_Teotihuacan_-_SMVK_-_0307.q.0138.tif
Appended archive card link {{SMVK-EM-link|1=arkiv|2=2831121|3=0307.q.0002}} to File:Arkeologiskt_föremål_från_Teotihuacan_-_SMVK_-_0307.q.0002.tif
Appended archive card link {{SMVK-EM-link|1=arkiv|2=2824675|3=0307.g.0056}} to File:Utgrävningar_i_Teotihuacan_(1932)_-_SMVK_-_0307.g.0056.tif
Appended archive card link {{SMVK-EM-link|1=arkiv|2=2824747|3=0307.g.0077}} to File:Utgrävningar_i_Teotihuacan_(1932)_-_SMVK_-_0307.g.0077.tif
Appended archive card link {{SMVK-EM-link|1=arkiv|2=2824027|3=0307.f.0277}} to File:Utgrävningar_i_Teotihuacan_(1932)_-_SMVK_-_0307.f.0277.tif
Appended archive card link {{SMVK-EM-link|1=arkiv|2=2824234|3=0307.f.0320.c}} to File:Utgrävningar_i_Teotihuacan_(1932)_-_SMVK_-_0307.f.0320.c.tif
Appended archive card link {{SMVK-EM-link|1=arkiv|2=2818492|3=0307.a.0219}} to File:Från_utgrävningarna_vid_Xolalpan_-_SMVK_-_0307.a.0219.tif
Appended archive card link {{SMVK-EM-link|1=arkiv|2=2824306|3=0307.f.0324.c}} to File:Utgrävningar_i_Teotihuacan_(1932)_-_SMVK_-_0307.f.0324.c.tif
Appended archive card link {{SMVK-EM-link|1=arkiv|2=2818582|3=0307.a.0236}} to File:Husruin,_Teopancaxco._Barrio,_San_Sebastian_-_SMVK_-_0307.a.0236.tif
Appended archive card link {{SMVK-EM-link|1=arkiv|2=2823559|3=0307.f.0178}} to File:Utgrävningar_i_Teotihuacan_(1932)_-_SMVK_-_0307.f.0178.tif
Appended archive card link {{SMVK-EM-link|1=arkiv|2=2824432|3=0307.f.0343}} to File:Utgrävningar_i_Teotihuacan_(1932)_-_SMVK_-_0307.f.0343.tif
Appended archive card link {{SMVK-EM-link|1=arkiv|2=2818474|3=0307.a.0213}} to File:Från_utgrävningarna_vid_Xolalpan_-_SMVK_-_0307.a.0213.tif
Appended archive card link {{SMVK-EM-link|1=arkiv|2=2817763|3=0307.a.0073}} to File:Modern_tegelugn_-_SMVK_-_0307.a.0073.tif
Appended archive card link {{SMVK-EM-link|1=arkiv|2=2823586|3=0307.f.0183}} to File:Utgrävningar_i_Teotihuacan_(1932)_-_SMVK_-_0307.f.0183.tif
Appended archive card link {{SMVK-EM-link|1=arkiv|2=2831850|3=0307.q.0104}} to File:Arkeologiskt_föremål_från_Teotihuacan_-_SMVK_-_0307.q.0104.tif
Appended archive card link {{SMVK-EM-link|1=arkiv|2=2823775|3=0307.f.0226}} to File:Utgrävningar_i_Teotihuacan_(1932)_-_SMVK_-_0307.f.0226.tif
Appended archive card link {{SMVK-EM-link|1=arkiv|2=2831841|3=0307.q.0097}} to File:Arkeologiskt_föremål_från_Teotihuacan_-_SMVK_-_0307.q.0097.tif
Appended archive card link {{SMVK-EM-link|1=arkiv|2=2819878|3=0307.e.0046}} to File:Utgrävningar_i_Teotihuacan_(1932)_-_SMVK_-_0307.e.0046.tif
Appended archive card link {{SMVK-EM-link|1=arkiv|2=2822893|3=0307.f.0061}} to File:Krigarnas_tempel_-_SMVK_-_0307.f.0061.tif
Appended archive card link {{SMVK-EM-link|1=arkiv|2=2819347|3=0307.d.0023.b}} to File:Utgrävningar_i_Teotihuacan_(1932)_-_SMVK_-_0307.d.0023.b.tif
Appended archive card link {{SMVK-EM-link|1=arkiv|2=2831868|3=0307.q.0109}} to File:Arkeologiskt_föremål_från_Teotihuacan_-_SMVK_-_0307.q.0109.tif
Appended archive card link {{SMVK-EM-link|1=arkiv|2=2817772|3=0307.a.0076}} to File:Parti_av_Ciudadela_-_SMVK_-_0307.a.0076.tif
Appended archive card link {{SMVK-EM-link|1=arkiv|2=2822740|3=0307.f.0016}} to File:El_Castillo_,_den_centrala_pyramiden._T._v._krigarens_tempel_-_SMVK_-_0307.f.0016.tif
Appended archive card link {{SMVK-EM-link|1=arkiv|2=2822740|3=0307.f.0017}} to File:El_Castillo_,_den_centrala_pyramiden._T._v._krigarens_tempel_-_SMVK_-_0307.f.0017.tif
Appended archive card link {{SMVK-EM-link|1=arkiv|2=2832102|3=0307.q.0141}} to File:Arkeologiskt_föremål_från_Teotihuacan_-_SMVK_-_0307.q.0141.tif
Appended archive card link {{SMVK-EM-link|1=arkiv|2=2823586|3=0307.f.0185}} to File:Utgrävningar_i_Teotihuacan_(1932)_-_SMVK_-_0307.f.0185.tif
Appended archive card link {{SMVK-EM-link|1=arkiv|2=2823415|3=0307.f.0147}} to File:Utgrävningar_i_Teotihuacan_(1932)_-_SMVK_-_0307.f.0147.tif
Appended archive card link {{SMVK-EM-link|1=arkiv|2=2817502|3=0307.a.0034.b}} to File:Månpyramiden_-_SMVK_-_0307.a.0034.b.tif
Appended archive card link {{SMVK-EM-link|1=arkiv|2=2826332|3=0307.i.0010}} to File:Utgrävningar_i_Teotihuacan_(1932)_-_SMVK_-_0307.i.0010.tif
Appended archive card link {{SMVK-EM-link|1=arkiv|2=2822920|3=0307.f.0065}} to File:Krigarnas_tempel_-_SMVK_-_0307.f.0065.tif
Appended archive card link {{SMVK-EM-link|1=arkiv|2=2826323|3=0307.i.0007}} to File:Utgrävningar_i_Teotihuacan_(1932)_-_SMVK_-_0307.i.0007.tif
Appended archive card link {{SMVK-EM-link|1=arkiv|2=2823568|3=0307.f.0179.b}} to File:Utgrävningar_i_Teotihuacan_(1932)_-_SMVK_-_0307.f.0179.b.tif
Appended archive card link {{SMVK-EM-link|1=arkiv|2=2818141|3=0307.a.0149}} to File:Från_utgrävningarna_vid_Xolalpan_-_SMVK_-_0307.a.0149.tif
Appended archive card link {{SMVK-EM-link|1=arkiv|2=2819788|3=0307.e.0026.b}} to File:Utgrävningar_i_Teotihuacan_(1932)_-_SMVK_-_0307.e.0026.b.tif
Appended archive card link {{SMVK-EM-link|1=arkiv|2=2830905|3=0307.o.0013}} to File:Utgrävningar_i_Teotihuacan_(1932)_-_SMVK_-_0307.o.0013.tif
Appended archive card link {{SMVK-EM-link|1=arkiv|2=2817808|3=0307.a.0086}} to File:Parti_av_Ciudadela_-_SMVK_-_0307.a.0086.tif
Appended archive card link {{SMVK-EM-link|1=arkiv|2=2822830|3=0307.f.0037}} to File:Krigarnas_tempel_-_SMVK_-_0307.f.0037.tif
Appended archive card link {{SMVK-EM-link|1=arkiv|2=2822929|3=0307.f.0067}} to File:Krigarnas_tempel_-_SMVK_-_0307.f.0067.tif
Appended archive card link {{SMVK-EM-link|1=arkiv|2=2818798|3=0307.b.0036}} to File:Parti_av_Cuicuilco-pyramiden_-_SMVK_-_0307.b.0036.tif
Appended archive card link {{SMVK-EM-link|1=arkiv|2=2824036|3=0307.f.0281}} to File:Utgrävningar_i_Teotihuacan_(1932)_-_SMVK_-_0307.f.0281.tif
Appended archive card link {{SMVK-EM-link|1=arkiv|2=2831121|3=0307.q.0003}} to File:Arkeologiskt_föremål_från_Teotihuacan_-_SMVK_-_0307.q.0003.tif
Appended archive card link {{SMVK-EM-link|1=arkiv|2=2823847|3=0307.f.0245}} to File:Utgrävningar_i_Teotihuacan_(1932)_-_SMVK_-_0307.f.0245.tif
Appended archive card link {{SMVK-EM-link|1=arkiv|2=2818798|3=0307.b.0035}} to File:Parti_av_Cuicuilco-pyramiden_-_SMVK_-_0307.b.0035.tif
Appended archive card link {{SMVK-EM-link|1=arkiv|2=2823451|3=0307.f.0155}} to File:Utgrävningar_i_Teotihuacan_(1932)_-_SMVK_-_0307.f.0155.tif
Appended archive card link {{SMVK-EM-link|1=arkiv|2=2817457|3=0307.a.0025}} to File:Utgrävningar_i_Teotihuacan_(1932)_-_SMVK_-_0307.a.0025.tif
Appended archive card link {{SMVK-EM-link|1=arkiv|2=2818681|3=0307.b.0011.c}} to File:Parti_av_Cuicuilco-pyramiden_-_SMVK_-_0307.b.0011.c.tif
Appended archive card link {{SMVK-EM-link|1=arkiv|2=2831202|3=0307.q.0023}} to File:Arkeologiskt_föremål_från_Teotihuacan_-_SMVK_-_0307.q.0023.tif
Appended archive card link {{SMVK-EM-link|1=arkiv|2=2824171|3=0307.f.0312}} to File:Utgrävningar_i_Teotihuacan_(1932)_-_SMVK_-_0307.f.0312.tif
Appended archive card link {{SMVK-EM-link|1=arkiv|2=2818312|3=0307.a.0187}} to File:Från_utgrävningarna_vid_Xolalpan_-_SMVK_-_0307.a.0187.tif
Appended archive card link {{SMVK-EM-link|1=arkiv|2=2826404|3=0307.i.0028}} to File:Utgrävningar_i_Teotihuacan_(1932)_-_SMVK_-_0307.i.0028.tif
Appended archive card link {{SMVK-EM-link|1=arkiv|2=2817934|3=0307.a.0112.a}} to File:Parti_av_Ciudadela_-_SMVK_-_0307.a.0112.a.tif
Appended archive card link {{SMVK-EM-link|1=arkiv|2=2824702|3=0307.g.0065}} to File:Utgrävningar_i_Teotihuacan_(1932)_-_SMVK_-_0307.g.0065.tif
Appended archive card link {{SMVK-EM-link|1=arkiv|2=2818654|3=0307.b.0006}} to File:Parti_av_Cuicuilco-pyramiden_-_SMVK_-_0307.b.0006.tif
Appended archive card link {{SMVK-EM-link|1=arkiv|2=2819203|3=0307.d.0007}} to File:Utgrävningar_i_Teotihuacan_(1932)_-_SMVK_-_0307.d.0007.tif
Appended archive card link {{SMVK-EM-link|1=arkiv|2=2819869|3=0307.e.0044.b}} to File:Utgrävningar_i_Teotihuacan_(1932)_-_SMVK_-_0307.e.0044.b.tif
Appended archive card link {{SMVK-EM-link|1=arkiv|2=2822965|3=0307.f.0072}} to File:Utgrävningar_i_Teotihuacan_(1932)_-_SMVK_-_0307.f.0072.tif
Appended archive card link {{SMVK-EM-link|1=arkiv|2=2822848|3=0307.f.0046}} to File:Krigarnas_tempel_-_SMVK_-_0307.f.0046.tif
Appended archive card link {{SMVK-EM-link|1=arkiv|2=2823784|3=0307.f.0229}} to File:Utgrävningar_i_Teotihuacan_(1932)_-_SMVK_-_0307.f.0229.tif
Appended archive card link {{SMVK-EM-link|1=arkiv|2=2823892|3=0307.f.0256}} to File:Utgrävningar_i_Teotihuacan_(1932)_-_SMVK_-_0307.f.0256.tif
Appended archive card link {{SMVK-EM-link|1=arkiv|2=2823757|3=0307.f.0221}} to File:Utgrävningar_i_Teotihuacan_(1932)_-_SMVK_-_0307.f.0221.tif
Appended archive card link {{SMVK-EM-link|1=arkiv|2=2817466|3=0307.a.0028}} to File:Utgrävningar_i_Teotihuacan_(1932)_-_SMVK_-_0307.a.0028.tif
Appended archive card link {{SMVK-EM-link|1=arkiv|2=2824657|3=0307.g.0051}} to File:Utgrävningar_i_Teotihuacan_(1932)_-_SMVK_-_0307.g.0051.tif
Appended archive card link {{SMVK-EM-link|1=arkiv|2=2823991|3=0307.f.0273.a}} to File:Utgrävningar_i_Teotihuacan_(1932)_-_SMVK_-_0307.f.0273.a.tif
Appended archive card link {{SMVK-EM-link|1=arkiv|2=2819212|3=0307.d.0010}} to File:Utgrävningar_i_Teotihuacan_(1932)_-_SMVK_-_0307.d.0010.tif
Appended archive card link {{SMVK-EM-link|1=arkiv|2=2824378|3=0307.f.0334}} to File:Utgrävningar_i_Teotihuacan_(1932)_-_SMVK_-_0307.f.0334.tif
Appended archive card link {{SMVK-EM-link|1=arkiv|2=2818852|3=0307.b.0046}} to File:Från_Dr._S.Linnés_expedition_till_Mexiko_1932_-_SMVK_-_0307.b.0046.tif
Appended archive card link {{SMVK-EM-link|1=arkiv|2=2818231|3=0307.a.0170}} to File:Från_utgrävningarna_vid_Xolalpan_-_SMVK_-_0307.a.0170.tif
Appended archive card link {{SMVK-EM-link|1=arkiv|2=2823235|3=0307.f.0115}} to File:Utgrävningar_i_Teotihuacan_(1932)_-_SMVK_-_0307.f.0115.tif
Appended archive card link {{SMVK-EM-link|1=arkiv|2=2824747|3=0307.g.0078}} to File:Utgrävningar_i_Teotihuacan_(1932)_-_SMVK_-_0307.g.0078.tif
Appended archive card link {{SMVK-EM-link|1=arkiv|2=2826746|3=0307.j.0038}} to File:Utgrävningar_i_Teotihuacan_(1932)_-_SMVK_-_0307.j.0038.tif
Appended archive card link {{SMVK-EM-link|1=arkiv|2=2824090|3=0307.f.0296}} to File:Utgrävningar_i_Teotihuacan_(1932)_-_SMVK_-_0307.f.0296.tif
Appended archive card link {{SMVK-EM-link|1=arkiv|2=2818663|3=0307.b.0008}} to File:Parti_av_Cuicuilco-pyramiden_-_SMVK_-_0307.b.0008.tif
Appended archive card link {{SMVK-EM-link|1=arkiv|2=2817484|3=0307.a.0031}} to File:De_dödas_väg_-_SMVK_-_0307.a.0031.tif
Appended archive card link {{SMVK-EM-link|1=arkiv|2=2817403|3=0307.a.0014}} to File:Solpyramiden_-_SMVK_-_0307.a.0014.tif
Appended archive card link {{SMVK-EM-link|1=arkiv|2=2826980|3=0307.k.0007}} to File:Utgrävningar_i_Teotihuacan_(1932)_-_SMVK_-_0307.k.0007.tif
Appended archive card link {{SMVK-EM-link|1=arkiv|2=2824720|3=0307.g.0070}} to File:Utgrävningar_i_Teotihuacan_(1932)_-_SMVK_-_0307.g.0070.tif
Appended archive card link {{SMVK-EM-link|1=arkiv|2=2831157|3=0307.q.0011}} to File:Arkeologiskt_föremål_från_Teotihuacan_-_SMVK_-_0307.q.0011.tif
Appended archive card link {{SMVK-EM-link|1=arkiv|2=2831868|3=0307.q.0107}} to File:Arkeologiskt_föremål_från_Teotihuacan_-_SMVK_-_0307.q.0107.tif
Appended archive card link {{SMVK-EM-link|1=arkiv|2=2831166|3=0307.q.0014}} to File:Arkeologiskt_föremål_från_Teotihuacan_-_SMVK_-_0307.q.0014.tif
Appended archive card link {{SMVK-EM-link|1=arkiv|2=2817304|3=0307.a.0003.b}} to File:Solpyramiden_-_SMVK_-_0307.a.0003.b.tif
Appended archive card link {{SMVK-EM-link|1=arkiv|2=2817862|3=0307.a.0097}} to File:Parti_av_Ciudadela_-_SMVK_-_0307.a.0097.tif
Appended archive card link {{SMVK-EM-link|1=arkiv|2=2822713|3=0307.f.0007}} to File:El_Castillo_,_den_centrala_pyramiden_-_SMVK_-_0307.f.0007.tif
Appended archive card link {{SMVK-EM-link|1=arkiv|2=2817493|3=0307.a.0033.a}} to File:Utgrävningar_i_Teotihuacan_(1932)_-_SMVK_-_0307.a.0033.a.tif
Appended archive card link {{SMVK-EM-link|1=arkiv|2=2823730|3=0307.f.0213}} to File:Utgrävningar_i_Teotihuacan_(1932)_-_SMVK_-_0307.f.0213.tif
Appended archive card link {{SMVK-EM-link|1=arkiv|2=2818420|3=0307.a.0202}} to File:Från_utgrävningarna_vid_Xolalpan.,_Vid_utgrävningarna_vid_Xolalpan_-_SMVK_-_0307.a.0202.tif
Appended archive card link {{SMVK-EM-link|1=arkiv|2=2818726|3=0307.b.0021}} to File:Parti_av_Cuicuilco-pyramiden_-_SMVK_-_0307.b.0021.tif
Appended archive card link {{SMVK-EM-link|1=arkiv|2=2826161|3=0307.g.0097}} to File:Utgrävningar_i_Teotihuacan_(1932)_-_SMVK_-_0307.g.0097.tif
Appended archive card link {{SMVK-EM-link|1=arkiv|2=2824180|3=0307.f.0314}} to File:Utgrävningar_i_Teotihuacan_(1932)_-_SMVK_-_0307.f.0314.tif
Appended archive card link {{SMVK-EM-link|1=arkiv|2=2817745|3=0307.a.0070}} to File:Vår_arbetare_Joaquin_Olivas_mormor_-_SMVK_-_0307.a.0070.tif
Appended archive card link {{SMVK-EM-link|1=arkiv|2=2818951|3=0307.b.0067}} to File:Parti_av_tempelpyramiden_Tenayuca_-_SMVK_-_0307.b.0067.tif
Appended archive card link {{SMVK-EM-link|1=arkiv|2=2831175|3=0307.q.0018}} to File:Arkeologiskt_föremål_från_Teotihuacan_-_SMVK_-_0307.q.0018.tif
Appended archive card link {{SMVK-EM-link|1=arkiv|2=2832138|3=0307.q.0154}} to File:Arkeologiskt_föremål_från_Teotihuacan_-_SMVK_-_0307.q.0154.tif
Appended archive card link {{SMVK-EM-link|1=arkiv|2=2832120|3=0307.q.0149}} to File:Arkeologiskt_föremål_från_Teotihuacan_-_SMVK_-_0307.q.0149.tif
Appended archive card link {{SMVK-EM-link|1=arkiv|2=2818474|3=0307.a.0212}} to File:Från_utgrävningarna_vid_Xolalpan_-_SMVK_-_0307.a.0212.tif
Appended archive card link {{SMVK-EM-link|1=arkiv|2=2831868|3=0307.q.0110}} to File:Arkeologiskt_föremål_från_Teotihuacan_-_SMVK_-_0307.q.0110.tif
Appended archive card link {{SMVK-EM-link|1=arkiv|2=2819797|3=0307.e.0030}} to File:Utgrävningar_i_Teotihuacan_(1932)_-_SMVK_-_0307.e.0030.tif
Appended archive card link {{SMVK-EM-link|1=arkiv|2=2822857|3=0307.f.0049}} to File:Krigarnas_tempel_-_SMVK_-_0307.f.0049.tif
Appended archive card link {{SMVK-EM-link|1=arkiv|2=2823640|3=0307.f.0199.a}} to File:Utgrävningar_i_Teotihuacan_(1932)_-_SMVK_-_0307.f.0199.a.tif
Appended archive card link {{SMVK-EM-link|1=arkiv|2=2819743|3=0307.e.0014}} to File:Utgrävningar_i_Teotihuacan_(1932)_-_SMVK_-_0307.e.0014.tif
Appended archive card link {{SMVK-EM-link|1=arkiv|2=2822713|3=0307.f.0008}} to File:El_Castillo_,_den_centrala_pyramiden_-_SMVK_-_0307.f.0008.tif
Appended archive card link {{SMVK-EM-link|1=arkiv|2=2827061|3=0307.k.0020}} to File:Maya-indian,_Pablo_Pantoja._(katalogkort)_-_SMVK_-_0307.k.0020.tif
Appended archive card link {{SMVK-EM-link|1=arkiv|2=2817421|3=0307.a.0018}} to File:Solpyramiden_-_SMVK_-_0307.a.0018.tif
Appended archive card link {{SMVK-EM-link|1=arkiv|2=2818087|3=0307.a.0142.b}} to File:Parti_av_Ciudadela._Partier_av_den_äldre_pyramidens_rikt_dekorerade_fasa_i_Le_Ciudadela_-_SMVK_-_0307.a.0142.b.tif
Appended archive card link {{SMVK-EM-link|1=arkiv|2=2819248|3=0307.d.0017.b}} to File:Utgrävningar_i_Teotihuacan_(1932)_-_SMVK_-_0307.d.0017.b.tif
Appended archive card link {{SMVK-EM-link|1=arkiv|2=2819302|3=0307.d.0021.h}} to File:Utgrävningar_i_Teotihuacan_(1932)_-_SMVK_-_0307.d.0021.h.tif
Appended archive card link {{SMVK-EM-link|1=arkiv|2=2817700|3=0307.a.0065.b}} to File:Kaktusvegetation._Kaktus_odlas_som_fruktträd_-_SMVK_-_0307.a.0065.b.tif
Appended archive card link {{SMVK-EM-link|1=arkiv|2=2826134|3=0307.g.0090}} to File:Utgrävningar_i_Teotihuacan_(1932)_-_SMVK_-_0307.g.0090.tif
Appended archive card link {{SMVK-EM-link|1=arkiv|2=2823586|3=0307.f.0184}} to File:Utgrävningar_i_Teotihuacan_(1932)_-_SMVK_-_0307.f.0184.tif
Appended archive card link {{SMVK-EM-link|1=arkiv|2=2824576|3=0307.g.0027}} to File:Utgrävningar_i_Teotihuacan_(1932)_-_SMVK_-_0307.g.0027.tif
Appended archive card link {{SMVK-EM-link|1=arkiv|2=2818681|3=0307.b.0011.b}} to File:Parti_av_Cuicuilco-pyramiden_-_SMVK_-_0307.b.0011.b.tif
Appended archive card link {{SMVK-EM-link|1=arkiv|2=2818195|3=0307.a.0161}} to File:Från_utgrävningarna_vid_Xolalpan_-_SMVK_-_0307.a.0161.tif
Appended archive card link {{SMVK-EM-link|1=arkiv|2=2824756|3=0307.g.0081}} to File:Utgrävningar_i_Teotihuacan_(1932)_-_SMVK_-_0307.g.0081.tif
Appended archive card link {{SMVK-EM-link|1=arkiv|2=2826701|3=0307.j.0031}} to File:Utgrävningar_i_Teotihuacan_(1932)_-_SMVK_-_0307.j.0031.tif
Appended archive card link {{SMVK-EM-link|1=arkiv|2=2824630|3=0307.g.0043}} to File:Utgrävningar_i_Teotihuacan_(1932)_-_SMVK_-_0307.g.0043.tif
Appended archive card link {{SMVK-EM-link|1=arkiv|2=2818159|3=0307.a.0154}} to File:Från_utgrävningarna_vid_Xolalpan_-_SMVK_-_0307.a.0154.tif
Appended archive card link {{SMVK-EM-link|1=arkiv|2=2818465|3=0307.a.0210}} to File:Från_utgrävningarna_vid_Xolalpan_-_SMVK_-_0307.a.0210.tif
Appended archive card link {{SMVK-EM-link|1=arkiv|2=2822902|3=0307.f.0063.a}} to File:Krigarnas_tempel_-_SMVK_-_0307.f.0063.a.tif
Appended archive card link {{SMVK-EM-link|1=arkiv|2=2822812|3=0307.f.0033}} to File:Krigarnas_tempel_-_SMVK_-_0307.f.0033.tif
Appended archive card link {{SMVK-EM-link|1=arkiv|2=2823037|3=0307.f.0083}} to File:Utgrävningar_i_Teotihuacan_(1932)_-_SMVK_-_0307.f.0083.tif
Appended archive card link {{SMVK-EM-link|1=arkiv|2=2826647|3=0307.j.0011}} to File:Utgrävningar_i_Teotihuacan_(1932)_-_SMVK_-_0307.j.0011.tif
Appended archive card link {{SMVK-EM-link|1=arkiv|2=2826611|3=0307.j.0002}} to File:Utgrävningar_i_Teotihuacan_(1932)_-_SMVK_-_0307.j.0002.tif
Appended archive card link {{SMVK-EM-link|1=arkiv|2=2826980|3=0307.k.0006}} to File:Utgrävningar_i_Teotihuacan_(1932)_-_SMVK_-_0307.k.0006.tif
Appended archive card link {{SMVK-EM-link|1=arkiv|2=2826764|3=0307.j.0044}} to File:Utgrävningar_i_Teotihuacan_(1932)_-_SMVK_-_0307.j.0044.tif
Appended archive card link {{SMVK-EM-link|1=arkiv|2=2826710|3=0307.j.0033}} to File:Utgrävningar_i_Teotihuacan_(1932)_-_SMVK_-_0307.j.0033.tif
Appended archive card link {{SMVK-EM-link|1=arkiv|2=2819239|3=0307.d.0014}} to File:Utgrävningar_i_Teotihuacan_(1932)_-_SMVK_-_0307.d.0014.tif
Appended archive card link {{SMVK-EM-link|1=arkiv|2=2824144|3=0307.f.0306}} to File:Utgrävningar_i_Teotihuacan_(1932)_-_SMVK_-_0307.f.0306.tif
Appended archive card link {{SMVK-EM-link|1=arkiv|2=2827016|3=0307.k.0012}} to File:Utgrävningar_i_Teotihuacan_(1932)_-_SMVK_-_0307.k.0012.tif
Appended archive card link {{SMVK-EM-link|1=arkiv|2=2826143|3=0307.g.0092}} to File:Utgrävningar_i_Teotihuacan_(1932)_-_SMVK_-_0307.g.0092.tif
Appended archive card link {{SMVK-EM-link|1=arkiv|2=2822875|3=0307.f.0055}} to File:Krigarnas_tempel_-_SMVK_-_0307.f.0055.tif
Appended archive card link {{SMVK-EM-link|1=arkiv|2=2817349|3=0307.a.0008.b}} to File:Solpyramiden_-_SMVK_-_0307.a.0008.b.tif
Appended archive card link {{SMVK-EM-link|1=arkiv|2=2817961|3=0307.a.0115}} to File:Parti_av_Ciudadela._Från_Ts_huvudtempel_-_SMVK_-_0307.a.0115.tif
Appended archive card link {{SMVK-EM-link|1=arkiv|2=2826692|3=0307.j.0028}} to File:Utgrävningar_i_Teotihuacan_(1932)_-_SMVK_-_0307.j.0028.tif
Appended archive card link {{SMVK-EM-link|1=arkiv|2=2819788|3=0307.e.0026.a}} to File:Utgrävningar_i_Teotihuacan_(1932)_-_SMVK_-_0307.e.0026.a.tif
Appended archive card link {{SMVK-EM-link|1=arkiv|2=2823019|3=0307.f.0079}} to File:Utgrävningar_i_Teotihuacan_(1932)_-_SMVK_-_0307.f.0079.tif
Appended archive card link {{SMVK-EM-link|1=arkiv|2=2823379|3=0307.f.0141.a}} to File:Utgrävningar_i_Teotihuacan_(1932)_-_SMVK_-_0307.f.0141.a.tif
Appended archive card link {{SMVK-EM-link|1=arkiv|2=2823361|3=0307.f.0137}} to File:Utgrävningar_i_Teotihuacan_(1932)_-_SMVK_-_0307.f.0137.tif
Appended archive card link {{SMVK-EM-link|1=arkiv|2=2823109|3=0307.f.0092}} to File:Utgrävningar_i_Teotihuacan_(1932)_-_SMVK_-_0307.f.0092.tif
Appended archive card link {{SMVK-EM-link|1=arkiv|2=2817970|3=0307.a.0117}} to File:Parti_av_Ciudadela_-_SMVK_-_0307.a.0117.tif
Appended archive card link {{SMVK-EM-link|1=arkiv|2=2819860|3=0307.e.0042}} to File:Utgrävningar_i_Teotihuacan_(1932)_-_SMVK_-_0307.e.0042.tif
Appended archive card link {{SMVK-EM-link|1=arkiv|2=2819221|3=0307.d.0012.a}} to File:Utgrävningar_i_Teotihuacan_(1932)_-_SMVK_-_0307.d.0012.a.tif
Appended archive card link {{SMVK-EM-link|1=arkiv|2=2823739|3=0307.f.0216}} to File:Från_Dr._S.Linnés_expedition_till_Mexiko_1932_-_SMVK_-_0307.f.0216.tif
Appended archive card link {{SMVK-EM-link|1=arkiv|2=2823397|3=0307.f.0143}} to File:Utgrävningar_i_Teotihuacan_(1932)_-_SMVK_-_0307.f.0143.tif
Appended archive card link {{SMVK-EM-link|1=arkiv|2=2826782|3=0307.j.0049}} to File:Utgrävningar_i_Teotihuacan_(1932)_-_SMVK_-_0307.j.0049.tif
Appended archive card link {{SMVK-EM-link|1=arkiv|2=2817835|3=0307.a.0092}} to File:Parti_av_Ciudadela_-_SMVK_-_0307.a.0092.tif
Appended archive card link {{SMVK-EM-link|1=arkiv|2=2823685|3=0307.f.0203}} to File:Utgrävningar_i_Teotihuacan_(1932)_-_SMVK_-_0307.f.0203.tif
Appended archive card link {{SMVK-EM-link|1=arkiv|2=2817916|3=0307.a.0108.a}} to File:Parti_av_Ciudadela_-_SMVK_-_0307.a.0108.a.tif
Appended archive card link {{SMVK-EM-link|1=arkiv|2=2823460|3=0307.f.0157}} to File:Utgrävningar_i_Teotihuacan_(1932)_-_SMVK_-_0307.f.0157.tif
Appended archive card link {{SMVK-EM-link|1=arkiv|2=2826386|3=0307.i.0023}} to File:Utgrävningar_i_Teotihuacan_(1932)_-_SMVK_-_0307.i.0023.tif
Appended archive card link {{SMVK-EM-link|1=arkiv|2=2826242|3=0307.h.0003}} to File:Utgrävningar_i_Teotihuacan_(1932)_-_SMVK_-_0307.h.0003.tif
Appended archive card link {{SMVK-EM-link|1=arkiv|2=2824522|3=0307.g.0013}} to File:Utgrävningar_i_Teotihuacan_(1932)_-_SMVK_-_0307.g.0013.tif
Appended archive card link {{SMVK-EM-link|1=arkiv|2=2826791|3=0307.j.0054}} to File:Utgrävningar_i_Teotihuacan_(1932)_-_SMVK_-_0307.j.0054.tif
Appended archive card link {{SMVK-EM-link|1=arkiv|2=2823901|3=0307.f.0259}} to File:Utgrävningar_i_Teotihuacan_(1932)_-_SMVK_-_0307.f.0259.tif
Appended archive card link {{SMVK-EM-link|1=arkiv|2=2819356|3=0307.d.0024.b}} to File:Utgrävningar_i_Teotihuacan_(1932)_-_SMVK_-_0307.d.0024.b.tif
Appended archive card link {{SMVK-EM-link|1=arkiv|2=2827043|3=0307.k.0017}} to File:Casa_Montejo_-_SMVK_-_0307.k.0017.tif
Appended archive card link {{SMVK-EM-link|1=arkiv|2=2818690|3=0307.b.0012.b}} to File:Parti_av_Cuicuilco-pyramiden_-_SMVK_-_0307.b.0012.b.tif
Appended archive card link {{SMVK-EM-link|1=arkiv|2=2822839|3=0307.f.0041}} to File:Krigarnas_tempel_-_SMVK_-_0307.f.0041.tif
Appended archive card link {{SMVK-EM-link|1=arkiv|2=2824693|3=0307.g.0062}} to File:Utgrävningar_i_Teotihuacan_(1932)_-_SMVK_-_0307.g.0062.tif
Appended archive card link {{SMVK-EM-link|1=arkiv|2=2826836|3=0307.j.0066}} to File:Utgrävningar_i_Teotihuacan_(1932)_-_SMVK_-_0307.j.0066.tif
Appended archive card link {{SMVK-EM-link|1=arkiv|2=2823838|3=0307.f.0243}} to File:Utgrävningar_i_Teotihuacan_(1932)_-_SMVK_-_0307.f.0243.tif
Appended archive card link {{SMVK-EM-link|1=arkiv|2=2819725|3=0307.e.0010}} to File:Utgrävningar_i_Teotihuacan_(1932)_-_SMVK_-_0307.e.0010.tif
Appended archive card link {{SMVK-EM-link|1=arkiv|2=2819248|3=0307.d.0017.a}} to File:Utgrävningar_i_Teotihuacan_(1932)_-_SMVK_-_0307.d.0017.a.tif
Appended archive card link {{SMVK-EM-link|1=arkiv|2=2819698|3=0307.e.0002}} to File:Utgrävningar_i_Teotihuacan_(1932)_-_SMVK_-_0307.e.0002.tif
Appended archive card link {{SMVK-EM-link|1=arkiv|2=2826431|3=0307.i.0036}} to File:Utgrävningar_i_Teotihuacan_(1932)_-_SMVK_-_0307.i.0036.tif
Appended archive card link {{SMVK-EM-link|1=arkiv|2=2818744|3=0307.b.0025}} to File:Parti_av_Cuicuilco-pyramiden_-_SMVK_-_0307.b.0025.tif
Appended archive card link {{SMVK-EM-link|1=arkiv|2=2826260|3=0307.h.0007}} to File:Utgrävningar_i_Teotihuacan_(1932)_-_SMVK_-_0307.h.0007.tif
Appended archive card link {{SMVK-EM-link|1=arkiv|2=2822857|3=0307.f.0051}} to File:Krigarnas_tempel_-_SMVK_-_0307.f.0051.tif
Appended archive card link {{SMVK-EM-link|1=arkiv|2=2822767|3=0307.f.0023}} to File:El_Castillo_,_den_centrala_pyramiden_-_SMVK_-_0307.f.0023.tif
Appended archive card link {{SMVK-EM-link|1=arkiv|2=2819716|3=0307.e.0005}} to File:Utgrävningar_i_Teotihuacan_(1932)_-_SMVK_-_0307.e.0005.tif
Appended archive card link {{SMVK-EM-link|1=arkiv|2=2823271|3=0307.f.0124}} to File:Utgrävningar_i_Teotihuacan_(1932)_-_SMVK_-_0307.f.0124.tif
Appended archive card link {{SMVK-EM-link|1=arkiv|2=2823793|3=0307.f.0232}} to File:Utgrävningar_i_Teotihuacan_(1932)_-_SMVK_-_0307.f.0232.tif
Appended archive card link {{SMVK-EM-link|1=arkiv|2=2831238|3=0307.q.0028}} to File:Arkeologiskt_föremål_från_Teotihuacan_-_SMVK_-_0307.q.0028.tif
Appended archive card link {{SMVK-EM-link|1=arkiv|2=2826359|3=0307.i.0016}} to File:Utgrävningar_i_Teotihuacan_(1932)_-_SMVK_-_0307.i.0016.tif
Appended archive card link {{SMVK-EM-link|1=arkiv|2=2826521|3=0307.i.0050}} to File:Utgrävningar_i_Teotihuacan_(1932)_-_SMVK_-_0307.i.0050.tif
Appended archive card link {{SMVK-EM-link|1=arkiv|2=2822803|3=0307.f.0030}} to File:Krigarnas_tempel_-_SMVK_-_0307.f.0030.tif
Appended archive card link {{SMVK-EM-link|1=arkiv|2=2831166|3=0307.q.0013}} to File:Arkeologiskt_föremål_från_Teotihuacan_-_SMVK_-_0307.q.0013.tif
Appended archive card link {{SMVK-EM-link|1=arkiv|2=2824684|3=0307.g.0059}} to File:Utgrävningar_i_Teotihuacan_(1932)_-_SMVK_-_0307.g.0059.tif
Appended archive card link {{SMVK-EM-link|1=arkiv|2=2822704|3=0307.f.0004.a}} to File:El_Castillo_,_den_centrala_pyramiden._T._v._krigarens_tempel_-_SMVK_-_0307.f.0004.a.tif
Appended archive card link {{SMVK-EM-link|1=arkiv|2=2826115|3=0307.g.0083}} to File:Utgrävningar_i_Teotihuacan_(1932)_-_SMVK_-_0307.g.0083.tif
Appended archive card link {{SMVK-EM-link|1=arkiv|2=2823640|3=0307.f.0197}} to File:Utgrävningar_i_Teotihuacan_(1932)_-_SMVK_-_0307.f.0197.tif
Appended archive card link {{SMVK-EM-link|1=arkiv|2=2819293|3=0307.d.0021.d}} to File:Utgrävningar_i_Teotihuacan_(1932)_-_SMVK_-_0307.d.0021.d.tif
Appended archive card link {{SMVK-EM-link|1=arkiv|2=2824585|3=0307.g.0031}} to File:Utgrävningar_i_Teotihuacan_(1932)_-_SMVK_-_0307.g.0031.tif
Appended archive card link {{SMVK-EM-link|1=arkiv|2=2823280|3=0307.f.0126.a}} to File:Utgrävningar_i_Teotihuacan_(1932)_-_SMVK_-_0307.f.0126.a.tif
Appended archive card link {{SMVK-EM-link|1=arkiv|2=2823253|3=0307.f.0118}} to File:Utgrävningar_i_Teotihuacan_(1932)_-_SMVK_-_0307.f.0118.tif
Appended archive card link {{SMVK-EM-link|1=arkiv|2=2824036|3=0307.f.0282}} to File:Utgrävningar_i_Teotihuacan_(1932)_-_SMVK_-_0307.f.0282.tif
Appended archive card link {{SMVK-EM-link|1=arkiv|2=2823388|3=0307.f.0141.c}} to File:Utgrävningar_i_Teotihuacan_(1932)_-_SMVK_-_0307.f.0141.c.tif
Appended archive card link {{SMVK-EM-link|1=arkiv|2=2817889|3=0307.a.0103}} to File:Parti_av_Ciudadela_-_SMVK_-_0307.a.0103.tif
Appended archive card link {{SMVK-EM-link|1=arkiv|2=2826197|3=0307.g.0108}} to File:Utgrävningar_i_Teotihuacan_(1932)_-_SMVK_-_0307.g.0108.tif
Appended archive card link {{SMVK-EM-link|1=arkiv|2=2824666|3=0307.g.0053}} to File:Utgrävningar_i_Teotihuacan_(1932)_-_SMVK_-_0307.g.0053.tif
Appended archive card link {{SMVK-EM-link|1=arkiv|2=2823631|3=0307.f.0195.b}} to File:Utgrävningar_i_Teotihuacan_(1932)_-_SMVK_-_0307.f.0195.b.tif
Appended archive card link {{SMVK-EM-link|1=arkiv|2=2826413|3=0307.i.0031}} to File:Utgrävningar_i_Teotihuacan_(1932)_-_SMVK_-_0307.i.0031.tif
Appended archive card link {{SMVK-EM-link|1=arkiv|2=2826341|3=0307.i.0013}} to File:Utgrävningar_i_Teotihuacan_(1932)_-_SMVK_-_0307.i.0013.tif
Appended archive card link {{SMVK-EM-link|1=arkiv|2=2818546|3=0307.a.0230}} to File:Från_utgrävningarna_vid_Xolalpan_-_SMVK_-_0307.a.0230.tif
Appended archive card link {{SMVK-EM-link|1=arkiv|2=2819770|3=0307.e.0021}} to File:Utgrävningar_i_Teotihuacan_(1932)_-_SMVK_-_0307.e.0021.tif
Appended archive card link {{SMVK-EM-link|1=arkiv|2=2818771|3=0307.b.0032}} to File:Parti_av_Cuicuilco-pyramiden_-_SMVK_-_0307.b.0032.tif
Appended archive card link {{SMVK-EM-link|1=arkiv|2=2819221|3=0307.d.0012.b}} to File:Utgrävningar_i_Teotihuacan_(1932)_-_SMVK_-_0307.d.0012.b.tif
Appended archive card link {{SMVK-EM-link|1=arkiv|2=2817826|3=0307.a.0090}} to File:Parti_av_Ciudadela_-_SMVK_-_0307.a.0090.tif
Appended archive card link {{SMVK-EM-link|1=arkiv|2=2823208|3=0307.f.0108}} to File:Utgrävningar_i_Teotihuacan_(1932)_-_SMVK_-_0307.f.0108.tif
Appended archive card link {{SMVK-EM-link|1=arkiv|2=2818294|3=0307.a.0183}} to File:Från_utgrävningarna_vid_Xolalpan_-_SMVK_-_0307.a.0183.tif
Appended archive card link {{SMVK-EM-link|1=arkiv|2=2818636|3=0307.b.0002}} to File:Parti_av_Cuicuilco-pyramiden_-_SMVK_-_0307.b.0002.tif
Appended archive card link {{SMVK-EM-link|1=arkiv|2=2823811|3=0307.f.0237}} to File:Utgrävningar_i_Teotihuacan_(1932)_-_SMVK_-_0307.f.0237.tif
Appended archive card link {{SMVK-EM-link|1=arkiv|2=2818204|3=0307.a.0163}} to File:Från_utgrävningarna_vid_Xolalpan_-_SMVK_-_0307.a.0163.tif
Appended archive card link {{SMVK-EM-link|1=arkiv|2=2824711|3=0307.g.0067}} to File:Utgrävningar_i_Teotihuacan_(1932)_-_SMVK_-_0307.g.0067.tif
Appended archive card link {{SMVK-EM-link|1=arkiv|2=2823487|3=0307.f.0163}} to File:Utgrävningar_i_Teotihuacan_(1932)_-_SMVK_-_0307.f.0163.tif
Appended archive card link {{SMVK-EM-link|1=arkiv|2=2817997|3=0307.a.0123}} to File:Parti_av_Ciudadela_-_SMVK_-_0307.a.0123.tif
Appended archive card link {{SMVK-EM-link|1=arkiv|2=2817340|3=0307.a.0007.b}} to File:Casa_administration_vid_Solpyramiden._Administrationshuset_i_Teotihuacan_-_SMVK_-_0307.a.0007.b.tif
Appended archive card link {{SMVK-EM-link|1=arkiv|2=2818087|3=0307.a.0140}} to File:Parti_av_Ciudadela._Partier_av_den_äldre_pyramidens_rikt_dekorerade_fasa_i_Le_Ciudadela_-_SMVK_-_0307.a.0140.tif
Appended archive card link {{SMVK-EM-link|1=arkiv|2=2823406|3=0307.f.0145}} to File:Utgrävningar_i_Teotihuacan_(1932)_-_SMVK_-_0307.f.0145.tif
Appended archive card link {{SMVK-EM-link|1=arkiv|2=2823235|3=0307.f.0114}} to File:Utgrävningar_i_Teotihuacan_(1932)_-_SMVK_-_0307.f.0114.tif
Appended archive card link {{SMVK-EM-link|1=arkiv|2=2818771|3=0307.b.0030}} to File:Parti_av_Cuicuilco-pyramiden_-_SMVK_-_0307.b.0030.tif
Appended archive card link {{SMVK-EM-link|1=arkiv|2=2823613|3=0307.f.0190}} to File:Utgrävningar_i_Teotihuacan_(1932)_-_SMVK_-_0307.f.0190.tif
Appended archive card link {{SMVK-EM-link|1=arkiv|2=2823190|3=0307.f.0103}} to File:Utgrävningar_i_Teotihuacan_(1932)_-_SMVK_-_0307.f.0103.tif
Appended archive card link {{SMVK-EM-link|1=arkiv|2=2824180|3=0307.f.0315}} to File:Utgrävningar_i_Teotihuacan_(1932)_-_SMVK_-_0307.f.0315.tif
Appended archive card link {{SMVK-EM-link|1=arkiv|2=2823010|3=0307.f.0077}} to File:Utgrävningar_i_Teotihuacan_(1932)_-_SMVK_-_0307.f.0077.tif
Appended archive card link {{SMVK-EM-link|1=arkiv|2=2819815|3=0307.e.0037}} to File:Utgrävningar_i_Teotihuacan_(1932)_-_SMVK_-_0307.e.0037.tif
Appended archive card link {{SMVK-EM-link|1=arkiv|2=2818222|3=0307.a.0167}} to File:Från_utgrävningarna_vid_Xolalpan_-_SMVK_-_0307.a.0167.tif
Appended archive card link {{SMVK-EM-link|1=arkiv|2=2818006|3=0307.a.0124.c}} to File:Parti_av_Ciudadela_-_SMVK_-_0307.a.0124.c.tif
Appended archive card link {{SMVK-EM-link|1=arkiv|2=2818717|3=0307.b.0019}} to File:Parti_av_Cuicuilco-pyramiden_-_SMVK_-_0307.b.0019.tif
Appended archive card link {{SMVK-EM-link|1=arkiv|2=2824081|3=0307.f.0293}} to File:Utgrävningar_i_Teotihuacan_(1932)_-_SMVK_-_0307.f.0293.tif
Appended archive card link {{SMVK-EM-link|1=arkiv|2=2823208|3=0307.f.0110.a}} to File:Utgrävningar_i_Teotihuacan_(1932)_-_SMVK_-_0307.f.0110.a.tif
Appended archive card link {{SMVK-EM-link|1=arkiv|2=2817547|3=0307.a.0042}} to File:Från_utgrävningarna_vid_Thomas_Palmas_hus_-_SMVK_-_0307.a.0042.tif
Appended archive card link {{SMVK-EM-link|1=arkiv|2=2817790|3=0307.a.0082}} to File:Parti_av_Ciudadela_-_SMVK_-_0307.a.0082.tif
Appended archive card link {{SMVK-EM-link|1=arkiv|2=2824063|3=0307.f.0290}} to File:Utgrävningar_i_Teotihuacan_(1932)_-_SMVK_-_0307.f.0290.tif
Appended archive card link {{SMVK-EM-link|1=arkiv|2=2826305|3=0307.i.0004}} to File:Utgrävningar_i_Teotihuacan_(1932)_-_SMVK_-_0307.i.0004.tif
Appended archive card link {{SMVK-EM-link|1=arkiv|2=2822938|3=0307.f.0069.a}} to File:Krigarnas_tempel_-_SMVK_-_0307.f.0069.a.tif
Appended archive card link {{SMVK-EM-link|1=arkiv|2=2818717|3=0307.b.0018}} to File:Parti_av_Cuicuilco-pyramiden_-_SMVK_-_0307.b.0018.tif
Appended archive card link {{SMVK-EM-link|1=arkiv|2=2822713|3=0307.f.0006}} to File:El_Castillo_,_den_centrala_pyramiden_-_SMVK_-_0307.f.0006.tif
Appended archive card link {{SMVK-EM-link|1=arkiv|2=2830643|3=0307.k.0041}} to File:Föremål_från_Museo_Arqueologico_e_Historico,_Merida_-_SMVK_-_0307.k.0041.tif
Appended archive card link {{SMVK-EM-link|1=arkiv|2=2823271|3=0307.f.0123}} to File:Utgrävningar_i_Teotihuacan_(1932)_-_SMVK_-_0307.f.0123.tif
Appended archive card link {{SMVK-EM-link|1=arkiv|2=2823856|3=0307.f.0248}} to File:Utgrävningar_i_Teotihuacan_(1932)_-_SMVK_-_0307.f.0248.tif
Appended archive card link {{SMVK-EM-link|1=arkiv|2=2819419|3=0307.d.0029.c}} to File:Utgrävningar_i_Teotihuacan_(1932)_-_SMVK_-_0307.d.0029.c.tif
Appended archive card link {{SMVK-EM-link|1=arkiv|2=2824738|3=0307.g.0075}} to File:Utgrävningar_i_Teotihuacan_(1932)_-_SMVK_-_0307.g.0075.tif
Appended archive card link {{SMVK-EM-link|1=arkiv|2=2831481|3=0307.q.0056.b}} to File:Arkeologiskt_föremål_från_Teotihuacan_-_SMVK_-_0307.q.0056.b.tif
Appended archive card link {{SMVK-EM-link|1=arkiv|2=2826359|3=0307.i.0017}} to File:Utgrävningar_i_Teotihuacan_(1932)_-_SMVK_-_0307.i.0017.tif
Appended archive card link {{SMVK-EM-link|1=arkiv|2=2817925|3=0307.a.0110}} to File:Parti_av_Ciudadela_-_SMVK_-_0307.a.0110.tif
Appended archive card link {{SMVK-EM-link|1=arkiv|2=2824108|3=0307.f.0300}} to File:Utgrävningar_i_Teotihuacan_(1932)_-_SMVK_-_0307.f.0300.tif
Appended archive card link {{SMVK-EM-link|1=arkiv|2=2822884|3=0307.f.0058}} to File:Krigarnas_tempel_-_SMVK_-_0307.f.0058.tif
Appended archive card link {{SMVK-EM-link|1=arkiv|2=2826386|3=0307.i.0024}} to File:Utgrävningar_i_Teotihuacan_(1932)_-_SMVK_-_0307.i.0024.tif
Appended archive card link {{SMVK-EM-link|1=arkiv|2=2818582|3=0307.a.0235}} to File:Husruin,_Teopancaxco._Barrio,_San_Sebastian_-_SMVK_-_0307.a.0235.tif
Appended archive card link {{SMVK-EM-link|1=arkiv|2=2824738|3=0307.g.0074}} to File:Utgrävningar_i_Teotihuacan_(1932)_-_SMVK_-_0307.g.0074.tif
Appended archive card link {{SMVK-EM-link|1=arkiv|2=2822704|3=0307.f.0003}} to File:El_Castillo_,_den_centrala_pyramiden._T._v._krigarens_tempel_-_SMVK_-_0307.f.0003.tif
Appended archive card link {{SMVK-EM-link|1=arkiv|2=2826215|3=0307.g.0112}} to File:Utgrävningar_i_Teotihuacan_(1932)_-_SMVK_-_0307.g.0112.tif
Appended archive card link {{SMVK-EM-link|1=arkiv|2=2826377|3=0307.i.0021}} to File:Utgrävningar_i_Teotihuacan_(1932)_-_SMVK_-_0307.i.0021.tif
Appended archive card link {{SMVK-EM-link|1=arkiv|2=2818915|3=0307.b.0061}} to File:Parti_av_tempelpyramiden_Tenayuca_-_SMVK_-_0307.b.0061.tif
Appended archive card link {{SMVK-EM-link|1=arkiv|2=2818870|3=0307.b.0051}} to File:Parti_av_tempelpyramiden_Tenayuca_-_SMVK_-_0307.b.0051.tif
Appended archive card link {{SMVK-EM-link|1=arkiv|2=2818483|3=0307.a.0216}} to File:Från_utgrävningarna_vid_Xolalpan_-_SMVK_-_0307.a.0216.tif
Appended archive card link {{SMVK-EM-link|1=arkiv|2=2823775|3=0307.f.0227}} to File:Utgrävningar_i_Teotihuacan_(1932)_-_SMVK_-_0307.f.0227.tif
Appended archive card link {{SMVK-EM-link|1=arkiv|2=2823703|3=0307.f.0207}} to File:Från_Dr._S.Linnés_expedition_till_Mexiko_1932_-_SMVK_-_0307.f.0207.tif
Appended archive card link {{SMVK-EM-link|1=arkiv|2=2826917|3=0307.j.0086}} to File:Landsvägen_mellan_Ticul_och_Kabah,_Labna,_Sayil._(katalogkort)_-_SMVK_-_0307.j.0086.tif
Appended archive card link {{SMVK-EM-link|1=arkiv|2=2831166|3=0307.q.0015}} to File:Arkeologiskt_föremål_från_Teotihuacan_-_SMVK_-_0307.q.0015.tif
Appended archive card link {{SMVK-EM-link|1=arkiv|2=2818042|3=0307.a.0132}} to File:Parti_av_Ciudadela_-_SMVK_-_0307.a.0132.tif
Appended archive card link {{SMVK-EM-link|1=arkiv|2=2824585|3=0307.g.0029}} to File:Utgrävningar_i_Teotihuacan_(1932)_-_SMVK_-_0307.g.0029.tif
Appended archive card link {{SMVK-EM-link|1=arkiv|2=2823505|3=0307.f.0168}} to File:Utgrävningar_i_Teotihuacan_(1932)_-_SMVK_-_0307.f.0168.tif
Appended archive card link {{SMVK-EM-link|1=arkiv|2=2826170|3=0307.g.0099}} to File:Utgrävningar_i_Teotihuacan_(1932)_-_SMVK_-_0307.g.0099.tif
Appended archive card link {{SMVK-EM-link|1=arkiv|2=2832111|3=0307.q.0146}} to File:Arkeologiskt_föremål_från_Teotihuacan_-_SMVK_-_0307.q.0146.tif
Appended archive card link {{SMVK-EM-link|1=arkiv|2=2819266|3=0307.d.0020}} to File:Utgrävningar_i_Teotihuacan_(1932)_-_SMVK_-_0307.d.0020.tif
Appended archive card link {{SMVK-EM-link|1=arkiv|2=2817385|3=0307.a.0010.b}} to File:Solpyramiden_-_SMVK_-_0307.a.0010.b.tif
Appended archive card link {{SMVK-EM-link|1=arkiv|2=2824153|3=0307.f.0308}} to File:Utgrävningar_i_Teotihuacan_(1932)_-_SMVK_-_0307.f.0308.tif
Appended archive card link {{SMVK-EM-link|1=arkiv|2=2832138|3=0307.q.0153}} to File:Arkeologiskt_föremål_från_Teotihuacan_-_SMVK_-_0307.q.0153.tif
Appended archive card link {{SMVK-EM-link|1=arkiv|2=2823469|3=0307.f.0159}} to File:Utgrävningar_i_Teotihuacan_(1932)_-_SMVK_-_0307.f.0159.tif
Appended archive card link {{SMVK-EM-link|1=arkiv|2=2831148|3=0307.q.0009}} to File:Arkeologiskt_föremål_från_Teotihuacan_-_SMVK_-_0307.q.0009.tif
Appended archive card link {{SMVK-EM-link|1=arkiv|2=2819806|3=0307.e.0033}} to File:Utgrävningar_i_Teotihuacan_(1932)_-_SMVK_-_0307.e.0033.tif
Appended archive card link {{SMVK-EM-link|1=arkiv|2=2818024|3=0307.a.0129}} to File:Parti_av_Ciudadela_-_SMVK_-_0307.a.0129.tif
Appended archive card link {{SMVK-EM-link|1=arkiv|2=2823379|3=0307.f.0140}} to File:Utgrävningar_i_Teotihuacan_(1932)_-_SMVK_-_0307.f.0140.tif
Appended archive card link {{SMVK-EM-link|1=arkiv|2=2824639|3=0307.g.0045}} to File:Utgrävningar_i_Teotihuacan_(1932)_-_SMVK_-_0307.g.0045.tif
Appended archive card link {{SMVK-EM-link|1=arkiv|2=2818519|3=0307.a.0225}} to File:Från_utgrävningarna_vid_Xolalpan_-_SMVK_-_0307.a.0225.tif
Appended archive card link {{SMVK-EM-link|1=arkiv|2=2822884|3=0307.f.0059}} to File:Krigarnas_tempel_-_SMVK_-_0307.f.0059.tif
Appended archive card link {{SMVK-EM-link|1=arkiv|2=2817781|3=0307.a.0079}} to File:Parti_av_Ciudadela_-_SMVK_-_0307.a.0079.tif
Appended archive card link {{SMVK-EM-link|1=arkiv|2=2822821|3=0307.f.0035}} to File:Krigarnas_tempel_-_SMVK_-_0307.f.0035.tif
Appended archive card link {{SMVK-EM-link|1=arkiv|2=2826827|3=0307.j.0063}} to File:Utgrävningar_i_Teotihuacan_(1932)_-_SMVK_-_0307.j.0063.tif
Appended archive card link {{SMVK-EM-link|1=arkiv|2=2824162|3=0307.f.0310}} to File:Utgrävningar_i_Teotihuacan_(1932)_-_SMVK_-_0307.f.0310.tif
Appended archive card link {{SMVK-EM-link|1=arkiv|2=2818951|3=0307.b.0066}} to File:Parti_av_tempelpyramiden_Tenayuca_-_SMVK_-_0307.b.0066.tif
Appended archive card link {{SMVK-EM-link|1=arkiv|2=2817772|3=0307.a.0077}} to File:Parti_av_Ciudadela_-_SMVK_-_0307.a.0077.tif
Appended archive card link {{SMVK-EM-link|1=arkiv|2=2831085|3=0307.p.0022}} to File:Guvernörspalatset_-_SMVK_-_0307.p.0022.tif
Appended archive card link {{SMVK-EM-link|1=arkiv|2=2818483|3=0307.a.0217}} to File:Från_utgrävningarna_vid_Xolalpan_-_SMVK_-_0307.a.0217.tif
Appended archive card link {{SMVK-EM-link|1=arkiv|2=2819752|3=0307.e.0016}} to File:Utgrävningar_i_Teotihuacan_(1932)_-_SMVK_-_0307.e.0016.tif
Appended archive card link {{SMVK-EM-link|1=arkiv|2=2823676|3=0307.f.0201}} to File:Utgrävningar_i_Teotihuacan_(1932)_-_SMVK_-_0307.f.0201.tif
Appended archive card link {{SMVK-EM-link|1=arkiv|2=2817430|3=0307.a.0020}} to File:Solpyramiden_-_SMVK_-_0307.a.0020.tif
Appended archive card link {{SMVK-EM-link|1=arkiv|2=2832102|3=0307.q.0142}} to File:Arkeologiskt_föremål_från_Teotihuacan_-_SMVK_-_0307.q.0142.tif
Appended archive card link {{SMVK-EM-link|1=arkiv|2=2823928|3=0307.f.0265}} to File:Utgrävningar_i_Teotihuacan_(1932)_-_SMVK_-_0307.f.0265.tif
Appended archive card link {{SMVK-EM-link|1=arkiv|2=2826962|3=0307.k.0002}} to File:Utgrävningar_i_Teotihuacan_(1932)_-_SMVK_-_0307.k.0002.tif
Appended archive card link {{SMVK-EM-link|1=arkiv|2=2819788|3=0307.e.0026.c}} to File:Utgrävningar_i_Teotihuacan_(1932)_-_SMVK_-_0307.e.0026.c.tif
Appended archive card link {{SMVK-EM-link|1=arkiv|2=2818537|3=0307.a.0228}} to File:Från_utgrävningarna_vid_Xolalpan_-_SMVK_-_0307.a.0228.tif
Appended archive card link {{SMVK-EM-link|1=arkiv|2=2822731|3=0307.f.0013}} to File:El_Castillo_,_den_centrala_pyramiden_-_SMVK_-_0307.f.0013.tif
Appended archive card link {{SMVK-EM-link|1=arkiv|2=2819419|3=0307.d.0029.a}} to File:Utgrävningar_i_Teotihuacan_(1932)_-_SMVK_-_0307.d.0029.a.tif
Appended archive card link {{SMVK-EM-link|1=arkiv|2=2819806|3=0307.e.0034}} to File:Utgrävningar_i_Teotihuacan_(1932)_-_SMVK_-_0307.e.0034.tif
Appended archive card link {{SMVK-EM-link|1=arkiv|2=2822830|3=0307.f.0039}} to File:Krigarnas_tempel_-_SMVK_-_0307.f.0039.tif
Appended archive card link {{SMVK-EM-link|1=arkiv|2=2824666|3=0307.g.0054}} to File:Utgrävningar_i_Teotihuacan_(1932)_-_SMVK_-_0307.g.0054.tif
Appended archive card link {{SMVK-EM-link|1=arkiv|2=2823415|3=0307.f.0148}} to File:Utgrävningar_i_Teotihuacan_(1932)_-_SMVK_-_0307.f.0148.tif
Appended archive card link {{SMVK-EM-link|1=arkiv|2=2819869|3=0307.e.0044.a}} to File:Utgrävningar_i_Teotihuacan_(1932)_-_SMVK_-_0307.e.0044.a.tif
Appended archive card link {{SMVK-EM-link|1=arkiv|2=2824018|3=0307.f.0275.c}} to File:Utgrävningar_i_Teotihuacan_(1932)_-_SMVK_-_0307.f.0275.c.tif
Appended archive card link {{SMVK-EM-link|1=arkiv|2=2823028|3=0307.f.0081}} to File:Utgrävningar_i_Teotihuacan_(1932)_-_SMVK_-_0307.f.0081.tif
Appended archive card link {{SMVK-EM-link|1=arkiv|2=2826926|3=0307.j.0088}} to File:Landsvägen_mellan_Ticul_och_Kabah,_Labna,_Sayil._(katalogkort)_-_SMVK_-_0307.j.0088.tif
Appended archive card link {{SMVK-EM-link|1=arkiv|2=2823631|3=0307.f.0195.a}} to File:Utgrävningar_i_Teotihuacan_(1932)_-_SMVK_-_0307.f.0195.a.tif
Appended archive card link {{SMVK-EM-link|1=arkiv|2=2831841|3=0307.q.0098}} to File:Arkeologiskt_föremål_från_Teotihuacan_-_SMVK_-_0307.q.0098.tif
Appended archive card link {{SMVK-EM-link|1=arkiv|2=2822830|3=0307.f.0038}} to File:Krigarnas_tempel_-_SMVK_-_0307.f.0038.tif
Appended archive card link {{SMVK-EM-link|1=arkiv|2=2817430|3=0307.a.0021}} to File:Solpyramiden_-_SMVK_-_0307.a.0021.tif
Appended archive card link {{SMVK-EM-link|1=arkiv|2=2819059|3=0307.c.0014}} to File:Katedralen_San_Jose_i_staden_Tula_de_Allende._Den_var_ursprungligen_ett_kloster_-_SMVK_-_0307.c.0014.tif
Appended archive card link {{SMVK-EM-link|1=arkiv|2=2823892|3=0307.f.0257}} to File:Utgrävningar_i_Teotihuacan_(1932)_-_SMVK_-_0307.f.0257.tif
Appended archive card link {{SMVK-EM-link|1=arkiv|2=2819419|3=0307.d.0029.b}} to File:Utgrävningar_i_Teotihuacan_(1932)_-_SMVK_-_0307.d.0029.b.tif
Appended archive card link {{SMVK-EM-link|1=arkiv|2=2826521|3=0307.i.0049}} to File:Utgrävningar_i_Teotihuacan_(1932)_-_SMVK_-_0307.i.0049.tif
Appended archive card link {{SMVK-EM-link|1=arkiv|2=2824603|3=0307.g.0036}} to File:Utgrävningar_i_Teotihuacan_(1932)_-_SMVK_-_0307.g.0036.tif
Appended archive card link {{SMVK-EM-link|1=arkiv|2=2822731|3=0307.f.0014}} to File:El_Castillo_,_den_centrala_pyramiden_-_SMVK_-_0307.f.0014.tif
Appended archive card link {{SMVK-EM-link|1=arkiv|2=2824360|3=0307.f.0331.b}} to File:Utgrävningar_i_Teotihuacan_(1932)_-_SMVK_-_0307.f.0331.b.tif
Appended archive card link {{SMVK-EM-link|1=arkiv|2=2823505|3=0307.f.0169}} to File:Utgrävningar_i_Teotihuacan_(1932)_-_SMVK_-_0307.f.0169.tif
Appended archive card link {{SMVK-EM-link|1=arkiv|2=2819779|3=0307.e.0024}} to File:Utgrävningar_i_Teotihuacan_(1932)_-_SMVK_-_0307.e.0024.tif
Appended archive card link {{SMVK-EM-link|1=arkiv|2=2824729|3=0307.g.0072}} to File:Utgrävningar_i_Teotihuacan_(1932)_-_SMVK_-_0307.g.0072.tif
Appended archive card link {{SMVK-EM-link|1=arkiv|2=2818249|3=0307.a.0173}} to File:Från_utgrävningarna_vid_Xolalpan_-_SMVK_-_0307.a.0173.tif
Appended archive card link {{SMVK-EM-link|1=arkiv|2=2818672|3=0307.b.0010}} to File:Parti_av_Cuicuilco-pyramiden_-_SMVK_-_0307.b.0010.tif
Appended archive card link {{SMVK-EM-link|1=arkiv|2=2819725|3=0307.e.0009}} to File:Utgrävningar_i_Teotihuacan_(1932)_-_SMVK_-_0307.e.0009.tif
Appended archive card link {{SMVK-EM-link|1=arkiv|2=2818267|3=0307.a.0178}} to File:Från_utgrävningarna_vid_Xolalpan_-_SMVK_-_0307.a.0178.tif
Appended archive card link {{SMVK-EM-link|1=arkiv|2=2826647|3=0307.j.0012}} to File:Utgrävningar_i_Teotihuacan_(1932)_-_SMVK_-_0307.j.0012.tif
Appended archive card link {{SMVK-EM-link|1=arkiv|2=2818645|3=0307.b.0004}} to File:Parti_av_Cuicuilco-pyramiden_-_SMVK_-_0307.b.0004.tif
Appended archive card link {{SMVK-EM-link|1=arkiv|2=2826809|3=0307.j.0058}} to File:Utgrävningar_i_Teotihuacan_(1932)_-_SMVK_-_0307.j.0058.tif
Appended archive card link {{SMVK-EM-link|1=arkiv|2=2823793|3=0307.f.0233}} to File:Utgrävningar_i_Teotihuacan_(1932)_-_SMVK_-_0307.f.0233.tif
Appended archive card link {{SMVK-EM-link|1=arkiv|2=2823784|3=0307.f.0230}} to File:Utgrävningar_i_Teotihuacan_(1932)_-_SMVK_-_0307.f.0230.tif
Appended archive card link {{SMVK-EM-link|1=arkiv|2=2817385|3=0307.a.0010.a}} to File:Solpyramiden_-_SMVK_-_0307.a.0010.a.tif
Appended archive card link {{SMVK-EM-link|1=arkiv|2=2824468|3=0307.g.0004}} to File:Utgrävningar_i_Teotihuacan_(1932)_-_SMVK_-_0307.g.0004.tif
Appended archive card link {{SMVK-EM-link|1=arkiv|2=2819797|3=0307.e.0028}} to File:Utgrävningar_i_Teotihuacan_(1932)_-_SMVK_-_0307.e.0028.tif
Appended archive card link {{SMVK-EM-link|1=arkiv|2=2819257|3=0307.d.0017.d}} to File:Utgrävningar_i_Teotihuacan_(1932)_-_SMVK_-_0307.d.0017.d.tif
Appended archive card link {{SMVK-EM-link|1=arkiv|2=2824702|3=0307.g.0064}} to File:Utgrävningar_i_Teotihuacan_(1932)_-_SMVK_-_0307.g.0064.tif
Appended archive card link {{SMVK-EM-link|1=arkiv|2=2818789|3=0307.b.0033.c}} to File:Parti_av_Cuicuilco-pyramiden_-_SMVK_-_0307.b.0033.c.tif
Appended archive card link {{SMVK-EM-link|1=arkiv|2=2824621|3=0307.g.0039}} to File:Utgrävningar_i_Teotihuacan_(1932)_-_SMVK_-_0307.g.0039.tif
Appended archive card link {{SMVK-EM-link|1=arkiv|2=2818816|3=0307.b.0040.b}} to File:Xochimilco,_en_sjö_nära_México_som_nästan_uteslutande_består_av_kanaler_-_SMVK_-_0307.b.0040.b.tif
Appended archive card link {{SMVK-EM-link|1=arkiv|2=2824585|3=0307.g.0030}} to File:Utgrävningar_i_Teotihuacan_(1932)_-_SMVK_-_0307.g.0030.tif
Appended archive card link {{SMVK-EM-link|1=arkiv|2=2824540|3=0307.g.0018}} to File:Utgrävningar_i_Teotihuacan_(1932)_-_SMVK_-_0307.g.0018.tif
Appended archive card link {{SMVK-EM-link|1=arkiv|2=2823298|3=0307.f.0128}} to File:Utgrävningar_i_Teotihuacan_(1932)_-_SMVK_-_0307.f.0128.tif
Appended archive card link {{SMVK-EM-link|1=arkiv|2=2826809|3=0307.j.0060}} to File:Utgrävningar_i_Teotihuacan_(1932)_-_SMVK_-_0307.j.0060.tif
Appended archive card link {{SMVK-EM-link|1=arkiv|2=2824054|3=0307.f.0288}} to File:Utgrävningar_i_Teotihuacan_(1932)_-_SMVK_-_0307.f.0288.tif
Appended archive card link {{SMVK-EM-link|1=arkiv|2=2823865|3=0307.f.0250}} to File:Utgrävningar_i_Teotihuacan_(1932)_-_SMVK_-_0307.f.0250.tif
Appended archive card link {{SMVK-EM-link|1=arkiv|2=2817790|3=0307.a.0081}} to File:Parti_av_Ciudadela_-_SMVK_-_0307.a.0081.tif
Appended archive card link {{SMVK-EM-link|1=arkiv|2=2823613|3=0307.f.0191}} to File:Utgrävningar_i_Teotihuacan_(1932)_-_SMVK_-_0307.f.0191.tif
Appended archive card link {{SMVK-EM-link|1=arkiv|2=2831166|3=0307.q.0016}} to File:Arkeologiskt_föremål_från_Teotihuacan_-_SMVK_-_0307.q.0016.tif
Appended archive card link {{SMVK-EM-link|1=arkiv|2=2819752|3=0307.e.0017}} to File:Utgrävningar_i_Teotihuacan_(1932)_-_SMVK_-_0307.e.0017.tif
Appended archive card link {{SMVK-EM-link|1=arkiv|2=2826683|3=0307.j.0023}} to File:Utgrävningar_i_Teotihuacan_(1932)_-_SMVK_-_0307.j.0023.tif
Appended archive card link {{SMVK-EM-link|1=arkiv|2=2818087|3=0307.a.0142.a}} to File:Parti_av_Ciudadela._Partier_av_den_äldre_pyramidens_rikt_dekorerade_fasa_i_Le_Ciudadela_-_SMVK_-_0307.a.0142.a.tif
